<?xml version="1.0" encoding="UTF-8"?>
<testng-results skipped="0" failed="56" ignored="80" total="267" passed="131">
  <reporter-output>
  </reporter-output>
  <suite name="Regression Testing" duration-ms="14004787" started-at="2018-09-07T06:23:32Z" finished-at="2018-09-07T10:16:57Z">
    <groups>
    </groups>
    <test name="Searchlock Serp TestCases v1.2.5" duration-ms="974097" started-at="2018-09-07T06:23:32Z" finished-at="2018-09-07T06:39:47Z">
      <class name="testRepository.Google_LockIcon_SafeSites">
        <test-method status="PASS" signature="initializeWebBrowser(java.lang.String)[pri:0, instance:testRepository.Google_LockIcon_SafeSites@3ac3fd8b]" name="initializeWebBrowser" is-config="true" duration-ms="4032" started-at="2018-09-07T14:23:33Z" finished-at="2018-09-07T14:23:37Z">
          <params>
            <param index="0">
              <value>
                <![CDATA[prod_automation_searchlock_v1.2.5.crx]]>
              </value>
            </param>
          </params>
          <reporter-output>
          </reporter-output>
        </test-method> <!-- initializeWebBrowser -->
        <test-method status="PASS" signature="SafeList_Google_HomePage()[pri:1, instance:testRepository.Google_LockIcon_SafeSites@3ac3fd8b]" name="SafeList_Google_HomePage" duration-ms="77133" started-at="2018-09-07T14:23:37Z" finished-at="2018-09-07T14:24:54Z">
          <reporter-output>
          </reporter-output>
        </test-method> <!-- SafeList_Google_HomePage -->
        <test-method status="PASS" signature="SafeList_Google_Images()[pri:2, instance:testRepository.Google_LockIcon_SafeSites@3ac3fd8b]" name="SafeList_Google_Images" duration-ms="42078" started-at="2018-09-07T14:24:54Z" finished-at="2018-09-07T14:25:36Z">
          <reporter-output>
          </reporter-output>
        </test-method> <!-- SafeList_Google_Images -->
        <test-method status="PASS" signature="SafeList_Google_ImagesLink()[pri:3, instance:testRepository.Google_LockIcon_SafeSites@3ac3fd8b]" name="SafeList_Google_ImagesLink" duration-ms="37476" started-at="2018-09-07T14:25:36Z" finished-at="2018-09-07T14:26:13Z">
          <reporter-output>
          </reporter-output>
        </test-method> <!-- SafeList_Google_ImagesLink -->
        <test-method status="PASS" signature="SafeList_Google_Videos()[pri:4, instance:testRepository.Google_LockIcon_SafeSites@3ac3fd8b]" name="SafeList_Google_Videos" duration-ms="36039" started-at="2018-09-07T14:26:13Z" finished-at="2018-09-07T14:26:49Z">
          <reporter-output>
          </reporter-output>
        </test-method> <!-- SafeList_Google_Videos -->
        <test-method status="PASS" signature="SafeList_Google_Shopping()[pri:5, instance:testRepository.Google_LockIcon_SafeSites@3ac3fd8b]" name="SafeList_Google_Shopping" duration-ms="32259" started-at="2018-09-07T14:26:49Z" finished-at="2018-09-07T14:27:22Z">
          <reporter-output>
          </reporter-output>
        </test-method> <!-- SafeList_Google_Shopping -->
        <test-method status="PASS" signature="exitWebDriver()[pri:0, instance:testRepository.Google_LockIcon_SafeSites@3ac3fd8b]" name="exitWebDriver" is-config="true" duration-ms="921" started-at="2018-09-07T14:39:46Z" finished-at="2018-09-07T14:39:47Z">
          <reporter-output>
          </reporter-output>
        </test-method> <!-- exitWebDriver -->
      </class> <!-- testRepository.Google_LockIcon_SafeSites -->
      <class name="testRepository.Bing_LockIcon_SafeSites">
        <test-method status="PASS" signature="SafeList_Bing_HomePage()[pri:6, instance:testRepository.Bing_LockIcon_SafeSites@5594a1b5]" name="SafeList_Bing_HomePage" duration-ms="34892" started-at="2018-09-07T14:27:22Z" finished-at="2018-09-07T14:27:56Z">
          <reporter-output>
          </reporter-output>
        </test-method> <!-- SafeList_Bing_HomePage -->
        <test-method status="PASS" signature="SafeList_Bing_Images()[pri:7, instance:testRepository.Bing_LockIcon_SafeSites@5594a1b5]" name="SafeList_Bing_Images" duration-ms="23673" started-at="2018-09-07T14:27:56Z" finished-at="2018-09-07T14:28:20Z">
          <reporter-output>
          </reporter-output>
        </test-method> <!-- SafeList_Bing_Images -->
        <test-method status="PASS" signature="SafeList_Bing_Videos()[pri:8, instance:testRepository.Bing_LockIcon_SafeSites@5594a1b5]" name="SafeList_Bing_Videos" duration-ms="22096" started-at="2018-09-07T14:28:20Z" finished-at="2018-09-07T14:28:42Z">
          <reporter-output>
          </reporter-output>
        </test-method> <!-- SafeList_Bing_Videos -->
        <test-method status="PASS" signature="SafeList_Bing_Explore()[pri:9, instance:testRepository.Bing_LockIcon_SafeSites@5594a1b5]" name="SafeList_Bing_Explore" duration-ms="21822" started-at="2018-09-07T14:28:42Z" finished-at="2018-09-07T14:29:04Z">
          <reporter-output>
          </reporter-output>
        </test-method> <!-- SafeList_Bing_Explore -->
        <test-method status="PASS" signature="SafeList_Bing_Fun()[pri:9, instance:testRepository.Bing_LockIcon_SafeSites@5594a1b5]" name="SafeList_Bing_Fun" duration-ms="22874" started-at="2018-09-07T14:29:04Z" finished-at="2018-09-07T14:29:27Z">
          <reporter-output>
          </reporter-output>
        </test-method> <!-- SafeList_Bing_Fun -->
      </class> <!-- testRepository.Bing_LockIcon_SafeSites -->
      <class name="testRepository.Ask_LockIcon_SafeSites">
        <test-method status="PASS" signature="SafeList_Ask_HomePage()[pri:11, instance:testRepository.Ask_LockIcon_SafeSites@6a5fc7f7]" name="SafeList_Ask_HomePage" duration-ms="35129" started-at="2018-09-07T14:29:27Z" finished-at="2018-09-07T14:30:02Z">
          <reporter-output>
          </reporter-output>
        </test-method> <!-- SafeList_Ask_HomePage -->
        <test-method status="PASS" signature="SafeList_Ask_Video()[pri:12, instance:testRepository.Ask_LockIcon_SafeSites@6a5fc7f7]" name="SafeList_Ask_Video" duration-ms="29898" started-at="2018-09-07T14:30:02Z" finished-at="2018-09-07T14:30:32Z">
          <reporter-output>
          </reporter-output>
        </test-method> <!-- SafeList_Ask_Video -->
      </class> <!-- testRepository.Ask_LockIcon_SafeSites -->
      <class name="testRepository.Msn_LockIcon_SafeSites">
        <test-method status="PASS" signature="SafeList_Msn_HomePage()[pri:16, instance:testRepository.Msn_LockIcon_SafeSites@6e8dacdf]" name="SafeList_Msn_HomePage" duration-ms="49415" started-at="2018-09-07T14:31:44Z" finished-at="2018-09-07T14:32:34Z">
          <reporter-output>
          </reporter-output>
        </test-method> <!-- SafeList_Msn_HomePage -->
        <test-method status="PASS" signature="SafeList_Msn_Weather()[pri:17, instance:testRepository.Msn_LockIcon_SafeSites@6e8dacdf]" name="SafeList_Msn_Weather" duration-ms="36538" started-at="2018-09-07T14:32:34Z" finished-at="2018-09-07T14:33:10Z">
          <reporter-output>
          </reporter-output>
        </test-method> <!-- SafeList_Msn_Weather -->
        <test-method status="PASS" signature="SafeList_Msn_News()[pri:18, instance:testRepository.Msn_LockIcon_SafeSites@6e8dacdf]" name="SafeList_Msn_News" duration-ms="55878" started-at="2018-09-07T14:33:10Z" finished-at="2018-09-07T14:34:06Z">
          <reporter-output>
          </reporter-output>
        </test-method> <!-- SafeList_Msn_News -->
        <test-method status="PASS" signature="SafeList_Msn_Entertainment()[pri:19, instance:testRepository.Msn_LockIcon_SafeSites@6e8dacdf]" name="SafeList_Msn_Entertainment" duration-ms="39642" started-at="2018-09-07T14:34:06Z" finished-at="2018-09-07T14:34:46Z">
          <reporter-output>
          </reporter-output>
        </test-method> <!-- SafeList_Msn_Entertainment -->
        <test-method status="PASS" signature="SafeList_Msn_Sports()[pri:20, instance:testRepository.Msn_LockIcon_SafeSites@6e8dacdf]" name="SafeList_Msn_Sports" duration-ms="41068" started-at="2018-09-07T14:34:46Z" finished-at="2018-09-07T14:35:27Z">
          <reporter-output>
          </reporter-output>
        </test-method> <!-- SafeList_Msn_Sports -->
        <test-method status="PASS" signature="SafeList_Msn_Money()[pri:21, instance:testRepository.Msn_LockIcon_SafeSites@6e8dacdf]" name="SafeList_Msn_Money" duration-ms="38800" started-at="2018-09-07T14:35:27Z" finished-at="2018-09-07T14:36:06Z">
          <reporter-output>
          </reporter-output>
        </test-method> <!-- SafeList_Msn_Money -->
        <test-method status="PASS" signature="SafeList_Msn_LifeStyle()[pri:22, instance:testRepository.Msn_LockIcon_SafeSites@6e8dacdf]" name="SafeList_Msn_LifeStyle" duration-ms="32487" started-at="2018-09-07T14:36:06Z" finished-at="2018-09-07T14:36:38Z">
          <reporter-output>
          </reporter-output>
        </test-method> <!-- SafeList_Msn_LifeStyle -->
        <test-method status="PASS" signature="SafeList_Msn_Health()[pri:23, instance:testRepository.Msn_LockIcon_SafeSites@6e8dacdf]" name="SafeList_Msn_Health" duration-ms="37198" started-at="2018-09-07T14:36:38Z" finished-at="2018-09-07T14:37:15Z">
          <reporter-output>
          </reporter-output>
        </test-method> <!-- SafeList_Msn_Health -->
        <test-method status="PASS" signature="SafeList_Msn_Food()[pri:24, instance:testRepository.Msn_LockIcon_SafeSites@6e8dacdf]" name="SafeList_Msn_Food" duration-ms="33726" started-at="2018-09-07T14:37:15Z" finished-at="2018-09-07T14:37:49Z">
          <reporter-output>
          </reporter-output>
        </test-method> <!-- SafeList_Msn_Food -->
        <test-method status="PASS" signature="SafeList_Msn_Travel()[pri:25, instance:testRepository.Msn_LockIcon_SafeSites@6e8dacdf]" name="SafeList_Msn_Travel" duration-ms="38022" started-at="2018-09-07T14:37:49Z" finished-at="2018-09-07T14:38:27Z">
          <reporter-output>
          </reporter-output>
        </test-method> <!-- SafeList_Msn_Travel -->
        <test-method status="PASS" signature="SafeList_Msn_Autos()[pri:26, instance:testRepository.Msn_LockIcon_SafeSites@6e8dacdf]" name="SafeList_Msn_Autos" duration-ms="42801" started-at="2018-09-07T14:38:27Z" finished-at="2018-09-07T14:39:10Z">
          <reporter-output>
          </reporter-output>
        </test-method> <!-- SafeList_Msn_Autos -->
        <test-method status="PASS" signature="SafeList_Msn_Videos()[pri:27, instance:testRepository.Msn_LockIcon_SafeSites@6e8dacdf]" name="SafeList_Msn_Videos" duration-ms="35900" started-at="2018-09-07T14:39:10Z" finished-at="2018-09-07T14:39:46Z">
          <reporter-output>
          </reporter-output>
        </test-method> <!-- SafeList_Msn_Videos -->
      </class> <!-- testRepository.Msn_LockIcon_SafeSites -->
      <class name="testRepository.MyWebSearch_LockIcon_SafeSites">
        <test-method status="PASS" signature="SafeList_MyWeb_HomePage()[pri:14, instance:testRepository.MyWebSearch_LockIcon_SafeSites@1e643faf]" name="SafeList_MyWeb_HomePage" duration-ms="35092" started-at="2018-09-07T14:31:09Z" finished-at="2018-09-07T14:31:44Z">
          <reporter-output>
          </reporter-output>
        </test-method> <!-- SafeList_MyWeb_HomePage -->
      </class> <!-- testRepository.MyWebSearch_LockIcon_SafeSites -->
      <class name="testRepository.MyWay_LockIcon_SafeSites">
        <test-method status="PASS" signature="SafeList_MyWay_HomePage()[pri:13, instance:testRepository.MyWay_LockIcon_SafeSites@3b6eb2ec]" name="SafeList_MyWay_HomePage" duration-ms="37164" started-at="2018-09-07T14:30:32Z" finished-at="2018-09-07T14:31:09Z">
          <reporter-output>
          </reporter-output>
        </test-method> <!-- SafeList_MyWay_HomePage -->
      </class> <!-- testRepository.MyWay_LockIcon_SafeSites -->
    </test> <!-- Searchlock Serp TestCases v1.2.5 -->
    <test name="Searchlock Serp TestCases v1.0.2" duration-ms="1001882" started-at="2018-09-07T06:39:47Z" finished-at="2018-09-07T06:56:29Z">
      <class name="testRepository.Google_LockIcon_SafeSites">
        <test-method status="PASS" signature="initializeWebBrowser(java.lang.String)[pri:0, instance:testRepository.Google_LockIcon_SafeSites@3796751b]" name="initializeWebBrowser" is-config="true" duration-ms="1795" started-at="2018-09-07T14:39:47Z" finished-at="2018-09-07T14:39:49Z">
          <params>
            <param index="0">
              <value>
                <![CDATA[prod_automation_searchlock_for_chrome_v1.0.2.crx]]>
              </value>
            </param>
          </params>
          <reporter-output>
          </reporter-output>
        </test-method> <!-- initializeWebBrowser -->
        <test-method status="PASS" signature="SafeList_Google_HomePage()[pri:1, instance:testRepository.Google_LockIcon_SafeSites@3796751b]" name="SafeList_Google_HomePage" duration-ms="78493" started-at="2018-09-07T14:39:49Z" finished-at="2018-09-07T14:41:07Z">
          <reporter-output>
          </reporter-output>
        </test-method> <!-- SafeList_Google_HomePage -->
        <test-method status="PASS" signature="SafeList_Google_Images()[pri:2, instance:testRepository.Google_LockIcon_SafeSites@3796751b]" name="SafeList_Google_Images" duration-ms="44514" started-at="2018-09-07T14:41:07Z" finished-at="2018-09-07T14:41:52Z">
          <reporter-output>
          </reporter-output>
        </test-method> <!-- SafeList_Google_Images -->
        <test-method status="PASS" signature="SafeList_Google_ImagesLink()[pri:3, instance:testRepository.Google_LockIcon_SafeSites@3796751b]" name="SafeList_Google_ImagesLink" duration-ms="43116" started-at="2018-09-07T14:41:52Z" finished-at="2018-09-07T14:42:35Z">
          <reporter-output>
          </reporter-output>
        </test-method> <!-- SafeList_Google_ImagesLink -->
        <test-method status="PASS" signature="SafeList_Google_Videos()[pri:4, instance:testRepository.Google_LockIcon_SafeSites@3796751b]" name="SafeList_Google_Videos" duration-ms="36345" started-at="2018-09-07T14:42:35Z" finished-at="2018-09-07T14:43:11Z">
          <reporter-output>
          </reporter-output>
        </test-method> <!-- SafeList_Google_Videos -->
        <test-method status="PASS" signature="SafeList_Google_Shopping()[pri:5, instance:testRepository.Google_LockIcon_SafeSites@3796751b]" name="SafeList_Google_Shopping" duration-ms="32350" started-at="2018-09-07T14:43:11Z" finished-at="2018-09-07T14:43:43Z">
          <reporter-output>
          </reporter-output>
        </test-method> <!-- SafeList_Google_Shopping -->
        <test-method status="PASS" signature="exitWebDriver()[pri:0, instance:testRepository.Google_LockIcon_SafeSites@3796751b]" name="exitWebDriver" is-config="true" duration-ms="1060" started-at="2018-09-07T14:56:28Z" finished-at="2018-09-07T14:56:29Z">
          <reporter-output>
          </reporter-output>
        </test-method> <!-- exitWebDriver -->
      </class> <!-- testRepository.Google_LockIcon_SafeSites -->
      <class name="testRepository.Bing_LockIcon_SafeSites">
        <test-method status="PASS" signature="SafeList_Bing_HomePage()[pri:6, instance:testRepository.Bing_LockIcon_SafeSites@67b64c45]" name="SafeList_Bing_HomePage" duration-ms="35548" started-at="2018-09-07T14:43:43Z" finished-at="2018-09-07T14:44:19Z">
          <reporter-output>
          </reporter-output>
        </test-method> <!-- SafeList_Bing_HomePage -->
        <test-method status="PASS" signature="SafeList_Bing_Images()[pri:7, instance:testRepository.Bing_LockIcon_SafeSites@67b64c45]" name="SafeList_Bing_Images" duration-ms="25352" started-at="2018-09-07T14:44:19Z" finished-at="2018-09-07T14:44:44Z">
          <reporter-output>
          </reporter-output>
        </test-method> <!-- SafeList_Bing_Images -->
        <test-method status="PASS" signature="SafeList_Bing_Videos()[pri:8, instance:testRepository.Bing_LockIcon_SafeSites@67b64c45]" name="SafeList_Bing_Videos" duration-ms="21875" started-at="2018-09-07T14:44:44Z" finished-at="2018-09-07T14:45:06Z">
          <reporter-output>
          </reporter-output>
        </test-method> <!-- SafeList_Bing_Videos -->
        <test-method status="PASS" signature="SafeList_Bing_Explore()[pri:9, instance:testRepository.Bing_LockIcon_SafeSites@67b64c45]" name="SafeList_Bing_Explore" duration-ms="21776" started-at="2018-09-07T14:45:06Z" finished-at="2018-09-07T14:45:28Z">
          <reporter-output>
          </reporter-output>
        </test-method> <!-- SafeList_Bing_Explore -->
        <test-method status="PASS" signature="SafeList_Bing_Fun()[pri:9, instance:testRepository.Bing_LockIcon_SafeSites@67b64c45]" name="SafeList_Bing_Fun" duration-ms="27938" started-at="2018-09-07T14:45:28Z" finished-at="2018-09-07T14:45:56Z">
          <reporter-output>
          </reporter-output>
        </test-method> <!-- SafeList_Bing_Fun -->
      </class> <!-- testRepository.Bing_LockIcon_SafeSites -->
      <class name="testRepository.Ask_LockIcon_SafeSites">
        <test-method status="PASS" signature="SafeList_Ask_HomePage()[pri:11, instance:testRepository.Ask_LockIcon_SafeSites@4411d970]" name="SafeList_Ask_HomePage" duration-ms="35426" started-at="2018-09-07T14:45:56Z" finished-at="2018-09-07T14:46:31Z">
          <reporter-output>
          </reporter-output>
        </test-method> <!-- SafeList_Ask_HomePage -->
        <test-method status="PASS" signature="SafeList_Ask_Video()[pri:12, instance:testRepository.Ask_LockIcon_SafeSites@4411d970]" name="SafeList_Ask_Video" duration-ms="30153" started-at="2018-09-07T14:46:31Z" finished-at="2018-09-07T14:47:01Z">
          <reporter-output>
          </reporter-output>
        </test-method> <!-- SafeList_Ask_Video -->
      </class> <!-- testRepository.Ask_LockIcon_SafeSites -->
      <class name="testRepository.Msn_LockIcon_SafeSites">
        <test-method status="PASS" signature="SafeList_Msn_HomePage()[pri:16, instance:testRepository.Msn_LockIcon_SafeSites@35f983a6]" name="SafeList_Msn_HomePage" duration-ms="50512" started-at="2018-09-07T14:48:13Z" finished-at="2018-09-07T14:49:03Z">
          <reporter-output>
          </reporter-output>
        </test-method> <!-- SafeList_Msn_HomePage -->
        <test-method status="PASS" signature="SafeList_Msn_Weather()[pri:17, instance:testRepository.Msn_LockIcon_SafeSites@35f983a6]" name="SafeList_Msn_Weather" duration-ms="30184" started-at="2018-09-07T14:49:03Z" finished-at="2018-09-07T14:49:33Z">
          <reporter-output>
          </reporter-output>
        </test-method> <!-- SafeList_Msn_Weather -->
        <test-method status="PASS" signature="SafeList_Msn_News()[pri:18, instance:testRepository.Msn_LockIcon_SafeSites@35f983a6]" name="SafeList_Msn_News" duration-ms="44373" started-at="2018-09-07T14:49:33Z" finished-at="2018-09-07T14:50:18Z">
          <reporter-output>
          </reporter-output>
        </test-method> <!-- SafeList_Msn_News -->
        <test-method status="PASS" signature="SafeList_Msn_Entertainment()[pri:19, instance:testRepository.Msn_LockIcon_SafeSites@35f983a6]" name="SafeList_Msn_Entertainment" duration-ms="36329" started-at="2018-09-07T14:50:18Z" finished-at="2018-09-07T14:50:54Z">
          <reporter-output>
          </reporter-output>
        </test-method> <!-- SafeList_Msn_Entertainment -->
        <test-method status="PASS" signature="SafeList_Msn_Sports()[pri:20, instance:testRepository.Msn_LockIcon_SafeSites@35f983a6]" name="SafeList_Msn_Sports" duration-ms="43722" started-at="2018-09-07T14:50:54Z" finished-at="2018-09-07T14:51:38Z">
          <reporter-output>
          </reporter-output>
        </test-method> <!-- SafeList_Msn_Sports -->
        <test-method status="PASS" signature="SafeList_Msn_Money()[pri:21, instance:testRepository.Msn_LockIcon_SafeSites@35f983a6]" name="SafeList_Msn_Money" duration-ms="43957" started-at="2018-09-07T14:51:38Z" finished-at="2018-09-07T14:52:22Z">
          <reporter-output>
          </reporter-output>
        </test-method> <!-- SafeList_Msn_Money -->
        <test-method status="PASS" signature="SafeList_Msn_LifeStyle()[pri:22, instance:testRepository.Msn_LockIcon_SafeSites@35f983a6]" name="SafeList_Msn_LifeStyle" duration-ms="40916" started-at="2018-09-07T14:52:22Z" finished-at="2018-09-07T14:53:03Z">
          <reporter-output>
          </reporter-output>
        </test-method> <!-- SafeList_Msn_LifeStyle -->
        <test-method status="PASS" signature="SafeList_Msn_Health()[pri:23, instance:testRepository.Msn_LockIcon_SafeSites@35f983a6]" name="SafeList_Msn_Health" duration-ms="32935" started-at="2018-09-07T14:53:03Z" finished-at="2018-09-07T14:53:36Z">
          <reporter-output>
          </reporter-output>
        </test-method> <!-- SafeList_Msn_Health -->
        <test-method status="PASS" signature="SafeList_Msn_Food()[pri:24, instance:testRepository.Msn_LockIcon_SafeSites@35f983a6]" name="SafeList_Msn_Food" duration-ms="39745" started-at="2018-09-07T14:53:36Z" finished-at="2018-09-07T14:54:15Z">
          <reporter-output>
          </reporter-output>
        </test-method> <!-- SafeList_Msn_Food -->
        <test-method status="PASS" signature="SafeList_Msn_Travel()[pri:25, instance:testRepository.Msn_LockIcon_SafeSites@35f983a6]" name="SafeList_Msn_Travel" duration-ms="52907" started-at="2018-09-07T14:54:15Z" finished-at="2018-09-07T14:55:08Z">
          <reporter-output>
          </reporter-output>
        </test-method> <!-- SafeList_Msn_Travel -->
        <test-method status="PASS" signature="SafeList_Msn_Autos()[pri:26, instance:testRepository.Msn_LockIcon_SafeSites@35f983a6]" name="SafeList_Msn_Autos" duration-ms="37235" started-at="2018-09-07T14:55:08Z" finished-at="2018-09-07T14:55:46Z">
          <reporter-output>
          </reporter-output>
        </test-method> <!-- SafeList_Msn_Autos -->
        <test-method status="PASS" signature="SafeList_Msn_Videos()[pri:27, instance:testRepository.Msn_LockIcon_SafeSites@35f983a6]" name="SafeList_Msn_Videos" duration-ms="42079" started-at="2018-09-07T14:55:46Z" finished-at="2018-09-07T14:56:28Z">
          <reporter-output>
          </reporter-output>
        </test-method> <!-- SafeList_Msn_Videos -->
      </class> <!-- testRepository.Msn_LockIcon_SafeSites -->
      <class name="testRepository.MyWebSearch_LockIcon_SafeSites">
        <test-method status="PASS" signature="SafeList_MyWeb_HomePage()[pri:14, instance:testRepository.MyWebSearch_LockIcon_SafeSites@60f82f98]" name="SafeList_MyWeb_HomePage" duration-ms="34665" started-at="2018-09-07T14:47:38Z" finished-at="2018-09-07T14:48:13Z">
          <reporter-output>
          </reporter-output>
        </test-method> <!-- SafeList_MyWeb_HomePage -->
      </class> <!-- testRepository.MyWebSearch_LockIcon_SafeSites -->
      <class name="testRepository.MyWay_LockIcon_SafeSites">
        <test-method status="PASS" signature="SafeList_MyWay_HomePage()[pri:13, instance:testRepository.MyWay_LockIcon_SafeSites@6442b0a6]" name="SafeList_MyWay_HomePage" duration-ms="36565" started-at="2018-09-07T14:47:01Z" finished-at="2018-09-07T14:47:38Z">
          <reporter-output>
          </reporter-output>
        </test-method> <!-- SafeList_MyWay_HomePage -->
      </class> <!-- testRepository.MyWay_LockIcon_SafeSites -->
    </test> <!-- Searchlock Serp TestCases v1.0.2 -->
    <test name="Searchlock Serp TestCases v1.0.3" duration-ms="1016393" started-at="2018-09-07T06:56:29Z" finished-at="2018-09-07T07:13:25Z">
      <class name="testRepository.Wow_LockIcon_SafeSites">
        <test-method status="PASS" signature="SafeList_WOW_HomePage()[pri:15, instance:testRepository.Wow_LockIcon_SafeSites@3498ed]" name="SafeList_WOW_HomePage" duration-ms="35646" started-at="2018-09-07T15:04:49Z" finished-at="2018-09-07T15:05:25Z">
          <reporter-output>
          </reporter-output>
        </test-method> <!-- SafeList_WOW_HomePage -->
      </class> <!-- testRepository.Wow_LockIcon_SafeSites -->
      <class name="testRepository.Google_LockIcon_SafeSites">
        <test-method status="PASS" signature="initializeWebBrowser(java.lang.String)[pri:0, instance:testRepository.Google_LockIcon_SafeSites@6bf256fa]" name="initializeWebBrowser" is-config="true" duration-ms="3181" started-at="2018-09-07T14:56:29Z" finished-at="2018-09-07T14:56:32Z">
          <params>
            <param index="0">
              <value>
                <![CDATA[prod_automation_searchlock_for_chrome_v1.0.3.crx]]>
              </value>
            </param>
          </params>
          <reporter-output>
          </reporter-output>
        </test-method> <!-- initializeWebBrowser -->
        <test-method status="PASS" signature="SafeList_Google_HomePage()[pri:1, instance:testRepository.Google_LockIcon_SafeSites@6bf256fa]" name="SafeList_Google_HomePage" duration-ms="81291" started-at="2018-09-07T14:56:32Z" finished-at="2018-09-07T14:57:53Z">
          <reporter-output>
          </reporter-output>
        </test-method> <!-- SafeList_Google_HomePage -->
        <test-method status="PASS" signature="SafeList_Google_Images()[pri:2, instance:testRepository.Google_LockIcon_SafeSites@6bf256fa]" name="SafeList_Google_Images" duration-ms="44258" started-at="2018-09-07T14:57:53Z" finished-at="2018-09-07T14:58:38Z">
          <reporter-output>
          </reporter-output>
        </test-method> <!-- SafeList_Google_Images -->
        <test-method status="PASS" signature="SafeList_Google_ImagesLink()[pri:3, instance:testRepository.Google_LockIcon_SafeSites@6bf256fa]" name="SafeList_Google_ImagesLink" duration-ms="36710" started-at="2018-09-07T14:58:38Z" finished-at="2018-09-07T14:59:14Z">
          <reporter-output>
          </reporter-output>
        </test-method> <!-- SafeList_Google_ImagesLink -->
        <test-method status="PASS" signature="SafeList_Google_Videos()[pri:4, instance:testRepository.Google_LockIcon_SafeSites@6bf256fa]" name="SafeList_Google_Videos" duration-ms="33560" started-at="2018-09-07T14:59:14Z" finished-at="2018-09-07T14:59:48Z">
          <reporter-output>
          </reporter-output>
        </test-method> <!-- SafeList_Google_Videos -->
        <test-method status="PASS" signature="SafeList_Google_Shopping()[pri:5, instance:testRepository.Google_LockIcon_SafeSites@6bf256fa]" name="SafeList_Google_Shopping" duration-ms="33581" started-at="2018-09-07T14:59:48Z" finished-at="2018-09-07T15:00:21Z">
          <reporter-output>
          </reporter-output>
        </test-method> <!-- SafeList_Google_Shopping -->
        <test-method status="PASS" signature="exitWebDriver()[pri:0, instance:testRepository.Google_LockIcon_SafeSites@6bf256fa]" name="exitWebDriver" is-config="true" duration-ms="882" started-at="2018-09-07T15:13:24Z" finished-at="2018-09-07T15:13:25Z">
          <reporter-output>
          </reporter-output>
        </test-method> <!-- exitWebDriver -->
      </class> <!-- testRepository.Google_LockIcon_SafeSites -->
      <class name="testRepository.Bing_LockIcon_SafeSites">
        <test-method status="PASS" signature="SafeList_Bing_HomePage()[pri:6, instance:testRepository.Bing_LockIcon_SafeSites@6cd8737]" name="SafeList_Bing_HomePage" duration-ms="35169" started-at="2018-09-07T15:00:21Z" finished-at="2018-09-07T15:00:57Z">
          <reporter-output>
          </reporter-output>
        </test-method> <!-- SafeList_Bing_HomePage -->
        <test-method status="PASS" signature="SafeList_Bing_Images()[pri:7, instance:testRepository.Bing_LockIcon_SafeSites@6cd8737]" name="SafeList_Bing_Images" duration-ms="24210" started-at="2018-09-07T15:00:57Z" finished-at="2018-09-07T15:01:21Z">
          <reporter-output>
          </reporter-output>
        </test-method> <!-- SafeList_Bing_Images -->
        <test-method status="PASS" signature="SafeList_Bing_Videos()[pri:8, instance:testRepository.Bing_LockIcon_SafeSites@6cd8737]" name="SafeList_Bing_Videos" duration-ms="22152" started-at="2018-09-07T15:01:21Z" finished-at="2018-09-07T15:01:43Z">
          <reporter-output>
          </reporter-output>
        </test-method> <!-- SafeList_Bing_Videos -->
        <test-method status="PASS" signature="SafeList_Bing_Explore()[pri:9, instance:testRepository.Bing_LockIcon_SafeSites@6cd8737]" name="SafeList_Bing_Explore" duration-ms="22051" started-at="2018-09-07T15:01:43Z" finished-at="2018-09-07T15:02:05Z">
          <reporter-output>
          </reporter-output>
        </test-method> <!-- SafeList_Bing_Explore -->
        <test-method status="PASS" signature="SafeList_Bing_Fun()[pri:9, instance:testRepository.Bing_LockIcon_SafeSites@6cd8737]" name="SafeList_Bing_Fun" duration-ms="26552" started-at="2018-09-07T15:02:05Z" finished-at="2018-09-07T15:02:31Z">
          <reporter-output>
          </reporter-output>
        </test-method> <!-- SafeList_Bing_Fun -->
      </class> <!-- testRepository.Bing_LockIcon_SafeSites -->
      <class name="testRepository.Ask_LockIcon_SafeSites">
        <test-method status="PASS" signature="SafeList_Ask_HomePage()[pri:11, instance:testRepository.Ask_LockIcon_SafeSites@22f71333]" name="SafeList_Ask_HomePage" duration-ms="36285" started-at="2018-09-07T15:02:31Z" finished-at="2018-09-07T15:03:08Z">
          <reporter-output>
          </reporter-output>
        </test-method> <!-- SafeList_Ask_HomePage -->
        <test-method status="PASS" signature="SafeList_Ask_Video()[pri:12, instance:testRepository.Ask_LockIcon_SafeSites@22f71333]" name="SafeList_Ask_Video" duration-ms="29555" started-at="2018-09-07T15:03:08Z" finished-at="2018-09-07T15:03:37Z">
          <reporter-output>
          </reporter-output>
        </test-method> <!-- SafeList_Ask_Video -->
      </class> <!-- testRepository.Ask_LockIcon_SafeSites -->
      <class name="testRepository.Msn_LockIcon_SafeSites">
        <test-method status="PASS" signature="SafeList_Msn_HomePage()[pri:16, instance:testRepository.Msn_LockIcon_SafeSites@1a407d53]" name="SafeList_Msn_HomePage" duration-ms="45228" started-at="2018-09-07T15:05:25Z" finished-at="2018-09-07T15:06:10Z">
          <reporter-output>
          </reporter-output>
        </test-method> <!-- SafeList_Msn_HomePage -->
        <test-method status="PASS" signature="SafeList_Msn_Weather()[pri:17, instance:testRepository.Msn_LockIcon_SafeSites@1a407d53]" name="SafeList_Msn_Weather" duration-ms="31067" started-at="2018-09-07T15:06:10Z" finished-at="2018-09-07T15:06:41Z">
          <reporter-output>
          </reporter-output>
        </test-method> <!-- SafeList_Msn_Weather -->
        <test-method status="PASS" signature="SafeList_Msn_News()[pri:18, instance:testRepository.Msn_LockIcon_SafeSites@1a407d53]" name="SafeList_Msn_News" duration-ms="39446" started-at="2018-09-07T15:06:41Z" finished-at="2018-09-07T15:07:20Z">
          <reporter-output>
          </reporter-output>
        </test-method> <!-- SafeList_Msn_News -->
        <test-method status="PASS" signature="SafeList_Msn_Entertainment()[pri:19, instance:testRepository.Msn_LockIcon_SafeSites@1a407d53]" name="SafeList_Msn_Entertainment" duration-ms="43327" started-at="2018-09-07T15:07:20Z" finished-at="2018-09-07T15:08:04Z">
          <reporter-output>
          </reporter-output>
        </test-method> <!-- SafeList_Msn_Entertainment -->
        <test-method status="PASS" signature="SafeList_Msn_Sports()[pri:20, instance:testRepository.Msn_LockIcon_SafeSites@1a407d53]" name="SafeList_Msn_Sports" duration-ms="56566" started-at="2018-09-07T15:08:04Z" finished-at="2018-09-07T15:09:00Z">
          <reporter-output>
          </reporter-output>
        </test-method> <!-- SafeList_Msn_Sports -->
        <test-method status="PASS" signature="SafeList_Msn_Money()[pri:21, instance:testRepository.Msn_LockIcon_SafeSites@1a407d53]" name="SafeList_Msn_Money" duration-ms="41233" started-at="2018-09-07T15:09:00Z" finished-at="2018-09-07T15:09:42Z">
          <reporter-output>
          </reporter-output>
        </test-method> <!-- SafeList_Msn_Money -->
        <test-method status="PASS" signature="SafeList_Msn_LifeStyle()[pri:22, instance:testRepository.Msn_LockIcon_SafeSites@1a407d53]" name="SafeList_Msn_LifeStyle" duration-ms="34142" started-at="2018-09-07T15:09:42Z" finished-at="2018-09-07T15:10:16Z">
          <reporter-output>
          </reporter-output>
        </test-method> <!-- SafeList_Msn_LifeStyle -->
        <test-method status="PASS" signature="SafeList_Msn_Health()[pri:23, instance:testRepository.Msn_LockIcon_SafeSites@1a407d53]" name="SafeList_Msn_Health" duration-ms="39676" started-at="2018-09-07T15:10:16Z" finished-at="2018-09-07T15:10:55Z">
          <reporter-output>
          </reporter-output>
        </test-method> <!-- SafeList_Msn_Health -->
        <test-method status="PASS" signature="SafeList_Msn_Food()[pri:24, instance:testRepository.Msn_LockIcon_SafeSites@1a407d53]" name="SafeList_Msn_Food" duration-ms="43157" started-at="2018-09-07T15:10:55Z" finished-at="2018-09-07T15:11:39Z">
          <reporter-output>
          </reporter-output>
        </test-method> <!-- SafeList_Msn_Food -->
        <test-method status="PASS" signature="SafeList_Msn_Travel()[pri:25, instance:testRepository.Msn_LockIcon_SafeSites@1a407d53]" name="SafeList_Msn_Travel" duration-ms="35581" started-at="2018-09-07T15:11:39Z" finished-at="2018-09-07T15:12:14Z">
          <reporter-output>
          </reporter-output>
        </test-method> <!-- SafeList_Msn_Travel -->
        <test-method status="PASS" signature="SafeList_Msn_Autos()[pri:26, instance:testRepository.Msn_LockIcon_SafeSites@1a407d53]" name="SafeList_Msn_Autos" duration-ms="35976" started-at="2018-09-07T15:12:14Z" finished-at="2018-09-07T15:12:50Z">
          <reporter-output>
          </reporter-output>
        </test-method> <!-- SafeList_Msn_Autos -->
        <test-method status="PASS" signature="SafeList_Msn_Videos()[pri:27, instance:testRepository.Msn_LockIcon_SafeSites@1a407d53]" name="SafeList_Msn_Videos" duration-ms="34131" started-at="2018-09-07T15:12:50Z" finished-at="2018-09-07T15:13:24Z">
          <reporter-output>
          </reporter-output>
        </test-method> <!-- SafeList_Msn_Videos -->
      </class> <!-- testRepository.Msn_LockIcon_SafeSites -->
      <class name="testRepository.MyWebSearch_LockIcon_SafeSites">
        <test-method status="PASS" signature="SafeList_MyWeb_HomePage()[pri:14, instance:testRepository.MyWebSearch_LockIcon_SafeSites@6aaa5eb0]" name="SafeList_MyWeb_HomePage" duration-ms="35075" started-at="2018-09-07T15:04:14Z" finished-at="2018-09-07T15:04:49Z">
          <reporter-output>
          </reporter-output>
        </test-method> <!-- SafeList_MyWeb_HomePage -->
      </class> <!-- testRepository.MyWebSearch_LockIcon_SafeSites -->
      <class name="testRepository.MyWay_LockIcon_SafeSites">
        <test-method status="PASS" signature="SafeList_MyWay_HomePage()[pri:13, instance:testRepository.MyWay_LockIcon_SafeSites@13969fbe]" name="SafeList_MyWay_HomePage" duration-ms="36693" started-at="2018-09-07T15:03:37Z" finished-at="2018-09-07T15:04:14Z">
          <reporter-output>
          </reporter-output>
        </test-method> <!-- SafeList_MyWay_HomePage -->
      </class> <!-- testRepository.MyWay_LockIcon_SafeSites -->
    </test> <!-- Searchlock Serp TestCases v1.0.3 -->
    <test name="Searchlock Serp TestCases v1.0.4" duration-ms="980307" started-at="2018-09-07T07:13:25Z" finished-at="2018-09-07T07:29:46Z">
      <class name="testRepository.Wow_LockIcon_SafeSites">
        <test-method status="PASS" signature="SafeList_WOW_HomePage()[pri:15, instance:testRepository.Wow_LockIcon_SafeSites@79698539]" name="SafeList_WOW_HomePage" duration-ms="35172" started-at="2018-09-07T15:21:38Z" finished-at="2018-09-07T15:22:13Z">
          <reporter-output>
          </reporter-output>
        </test-method> <!-- SafeList_WOW_HomePage -->
      </class> <!-- testRepository.Wow_LockIcon_SafeSites -->
      <class name="testRepository.Google_LockIcon_SafeSites">
        <test-method status="PASS" signature="initializeWebBrowser(java.lang.String)[pri:0, instance:testRepository.Google_LockIcon_SafeSites@3cda1055]" name="initializeWebBrowser" is-config="true" duration-ms="1604" started-at="2018-09-07T15:13:25Z" finished-at="2018-09-07T15:13:27Z">
          <params>
            <param index="0">
              <value>
                <![CDATA[prod_automation_searchlock_for_chrome_v1.0.4.crx]]>
              </value>
            </param>
          </params>
          <reporter-output>
          </reporter-output>
        </test-method> <!-- initializeWebBrowser -->
        <test-method status="PASS" signature="SafeList_Google_HomePage()[pri:1, instance:testRepository.Google_LockIcon_SafeSites@3cda1055]" name="SafeList_Google_HomePage" duration-ms="74415" started-at="2018-09-07T15:13:27Z" finished-at="2018-09-07T15:14:41Z">
          <reporter-output>
          </reporter-output>
        </test-method> <!-- SafeList_Google_HomePage -->
        <test-method status="PASS" signature="SafeList_Google_Images()[pri:2, instance:testRepository.Google_LockIcon_SafeSites@3cda1055]" name="SafeList_Google_Images" duration-ms="44228" started-at="2018-09-07T15:14:41Z" finished-at="2018-09-07T15:15:26Z">
          <reporter-output>
          </reporter-output>
        </test-method> <!-- SafeList_Google_Images -->
        <test-method status="PASS" signature="SafeList_Google_ImagesLink()[pri:3, instance:testRepository.Google_LockIcon_SafeSites@3cda1055]" name="SafeList_Google_ImagesLink" duration-ms="40965" started-at="2018-09-07T15:15:26Z" finished-at="2018-09-07T15:16:07Z">
          <reporter-output>
          </reporter-output>
        </test-method> <!-- SafeList_Google_ImagesLink -->
        <test-method status="PASS" signature="SafeList_Google_Videos()[pri:4, instance:testRepository.Google_LockIcon_SafeSites@3cda1055]" name="SafeList_Google_Videos" duration-ms="37519" started-at="2018-09-07T15:16:07Z" finished-at="2018-09-07T15:16:44Z">
          <reporter-output>
          </reporter-output>
        </test-method> <!-- SafeList_Google_Videos -->
        <test-method status="PASS" signature="SafeList_Google_Shopping()[pri:5, instance:testRepository.Google_LockIcon_SafeSites@3cda1055]" name="SafeList_Google_Shopping" duration-ms="31491" started-at="2018-09-07T15:16:44Z" finished-at="2018-09-07T15:17:16Z">
          <reporter-output>
          </reporter-output>
        </test-method> <!-- SafeList_Google_Shopping -->
        <test-method status="PASS" signature="exitWebDriver()[pri:0, instance:testRepository.Google_LockIcon_SafeSites@3cda1055]" name="exitWebDriver" is-config="true" duration-ms="1006" started-at="2018-09-07T15:29:45Z" finished-at="2018-09-07T15:29:46Z">
          <reporter-output>
          </reporter-output>
        </test-method> <!-- exitWebDriver -->
      </class> <!-- testRepository.Google_LockIcon_SafeSites -->
      <class name="testRepository.Bing_LockIcon_SafeSites">
        <test-method status="PASS" signature="SafeList_Bing_HomePage()[pri:6, instance:testRepository.Bing_LockIcon_SafeSites@7a5d012c]" name="SafeList_Bing_HomePage" duration-ms="34470" started-at="2018-09-07T15:17:16Z" finished-at="2018-09-07T15:17:50Z">
          <reporter-output>
          </reporter-output>
        </test-method> <!-- SafeList_Bing_HomePage -->
        <test-method status="PASS" signature="SafeList_Bing_Images()[pri:7, instance:testRepository.Bing_LockIcon_SafeSites@7a5d012c]" name="SafeList_Bing_Images" duration-ms="24842" started-at="2018-09-07T15:17:50Z" finished-at="2018-09-07T15:18:15Z">
          <reporter-output>
          </reporter-output>
        </test-method> <!-- SafeList_Bing_Images -->
        <test-method status="PASS" signature="SafeList_Bing_Videos()[pri:8, instance:testRepository.Bing_LockIcon_SafeSites@7a5d012c]" name="SafeList_Bing_Videos" duration-ms="21891" started-at="2018-09-07T15:18:15Z" finished-at="2018-09-07T15:18:37Z">
          <reporter-output>
          </reporter-output>
        </test-method> <!-- SafeList_Bing_Videos -->
        <test-method status="PASS" signature="SafeList_Bing_Explore()[pri:9, instance:testRepository.Bing_LockIcon_SafeSites@7a5d012c]" name="SafeList_Bing_Explore" duration-ms="21860" started-at="2018-09-07T15:18:37Z" finished-at="2018-09-07T15:18:59Z">
          <reporter-output>
          </reporter-output>
        </test-method> <!-- SafeList_Bing_Explore -->
        <test-method status="PASS" signature="SafeList_Bing_Fun()[pri:9, instance:testRepository.Bing_LockIcon_SafeSites@7a5d012c]" name="SafeList_Bing_Fun" duration-ms="22940" started-at="2018-09-07T15:18:59Z" finished-at="2018-09-07T15:19:22Z">
          <reporter-output>
          </reporter-output>
        </test-method> <!-- SafeList_Bing_Fun -->
      </class> <!-- testRepository.Bing_LockIcon_SafeSites -->
      <class name="testRepository.Ask_LockIcon_SafeSites">
        <test-method status="PASS" signature="SafeList_Ask_HomePage()[pri:11, instance:testRepository.Ask_LockIcon_SafeSites@3fb6a447]" name="SafeList_Ask_HomePage" duration-ms="35636" started-at="2018-09-07T15:19:22Z" finished-at="2018-09-07T15:19:57Z">
          <reporter-output>
          </reporter-output>
        </test-method> <!-- SafeList_Ask_HomePage -->
        <test-method status="PASS" signature="SafeList_Ask_Video()[pri:12, instance:testRepository.Ask_LockIcon_SafeSites@3fb6a447]" name="SafeList_Ask_Video" duration-ms="29881" started-at="2018-09-07T15:19:57Z" finished-at="2018-09-07T15:20:27Z">
          <reporter-output>
          </reporter-output>
        </test-method> <!-- SafeList_Ask_Video -->
      </class> <!-- testRepository.Ask_LockIcon_SafeSites -->
      <class name="testRepository.Msn_LockIcon_SafeSites">
        <test-method status="PASS" signature="SafeList_Msn_HomePage()[pri:16, instance:testRepository.Msn_LockIcon_SafeSites@73f792cf]" name="SafeList_Msn_HomePage" duration-ms="37088" started-at="2018-09-07T15:22:13Z" finished-at="2018-09-07T15:22:51Z">
          <reporter-output>
          </reporter-output>
        </test-method> <!-- SafeList_Msn_HomePage -->
        <test-method status="PASS" signature="SafeList_Msn_Weather()[pri:17, instance:testRepository.Msn_LockIcon_SafeSites@73f792cf]" name="SafeList_Msn_Weather" duration-ms="29934" started-at="2018-09-07T15:22:51Z" finished-at="2018-09-07T15:23:20Z">
          <reporter-output>
          </reporter-output>
        </test-method> <!-- SafeList_Msn_Weather -->
        <test-method status="PASS" signature="SafeList_Msn_News()[pri:18, instance:testRepository.Msn_LockIcon_SafeSites@73f792cf]" name="SafeList_Msn_News" duration-ms="44761" started-at="2018-09-07T15:23:20Z" finished-at="2018-09-07T15:24:05Z">
          <reporter-output>
          </reporter-output>
        </test-method> <!-- SafeList_Msn_News -->
        <test-method status="PASS" signature="SafeList_Msn_Entertainment()[pri:19, instance:testRepository.Msn_LockIcon_SafeSites@73f792cf]" name="SafeList_Msn_Entertainment" duration-ms="45548" started-at="2018-09-07T15:24:05Z" finished-at="2018-09-07T15:24:51Z">
          <reporter-output>
          </reporter-output>
        </test-method> <!-- SafeList_Msn_Entertainment -->
        <test-method status="PASS" signature="SafeList_Msn_Sports()[pri:20, instance:testRepository.Msn_LockIcon_SafeSites@73f792cf]" name="SafeList_Msn_Sports" duration-ms="50136" started-at="2018-09-07T15:24:51Z" finished-at="2018-09-07T15:25:41Z">
          <reporter-output>
          </reporter-output>
        </test-method> <!-- SafeList_Msn_Sports -->
        <test-method status="PASS" signature="SafeList_Msn_Money()[pri:21, instance:testRepository.Msn_LockIcon_SafeSites@73f792cf]" name="SafeList_Msn_Money" duration-ms="39013" started-at="2018-09-07T15:25:41Z" finished-at="2018-09-07T15:26:20Z">
          <reporter-output>
          </reporter-output>
        </test-method> <!-- SafeList_Msn_Money -->
        <test-method status="PASS" signature="SafeList_Msn_LifeStyle()[pri:22, instance:testRepository.Msn_LockIcon_SafeSites@73f792cf]" name="SafeList_Msn_LifeStyle" duration-ms="35518" started-at="2018-09-07T15:26:20Z" finished-at="2018-09-07T15:26:55Z">
          <reporter-output>
          </reporter-output>
        </test-method> <!-- SafeList_Msn_LifeStyle -->
        <test-method status="PASS" signature="SafeList_Msn_Health()[pri:23, instance:testRepository.Msn_LockIcon_SafeSites@73f792cf]" name="SafeList_Msn_Health" duration-ms="35025" started-at="2018-09-07T15:26:55Z" finished-at="2018-09-07T15:27:30Z">
          <reporter-output>
          </reporter-output>
        </test-method> <!-- SafeList_Msn_Health -->
        <test-method status="PASS" signature="SafeList_Msn_Food()[pri:24, instance:testRepository.Msn_LockIcon_SafeSites@73f792cf]" name="SafeList_Msn_Food" duration-ms="36434" started-at="2018-09-07T15:27:30Z" finished-at="2018-09-07T15:28:07Z">
          <reporter-output>
          </reporter-output>
        </test-method> <!-- SafeList_Msn_Food -->
        <test-method status="PASS" signature="SafeList_Msn_Travel()[pri:25, instance:testRepository.Msn_LockIcon_SafeSites@73f792cf]" name="SafeList_Msn_Travel" duration-ms="35071" started-at="2018-09-07T15:28:07Z" finished-at="2018-09-07T15:28:42Z">
          <reporter-output>
          </reporter-output>
        </test-method> <!-- SafeList_Msn_Travel -->
        <test-method status="PASS" signature="SafeList_Msn_Autos()[pri:26, instance:testRepository.Msn_LockIcon_SafeSites@73f792cf]" name="SafeList_Msn_Autos" duration-ms="32986" started-at="2018-09-07T15:28:42Z" finished-at="2018-09-07T15:29:15Z">
          <reporter-output>
          </reporter-output>
        </test-method> <!-- SafeList_Msn_Autos -->
        <test-method status="PASS" signature="SafeList_Msn_Videos()[pri:27, instance:testRepository.Msn_LockIcon_SafeSites@73f792cf]" name="SafeList_Msn_Videos" duration-ms="29667" started-at="2018-09-07T15:29:15Z" finished-at="2018-09-07T15:29:45Z">
          <reporter-output>
          </reporter-output>
        </test-method> <!-- SafeList_Msn_Videos -->
      </class> <!-- testRepository.Msn_LockIcon_SafeSites -->
      <class name="testRepository.MyWebSearch_LockIcon_SafeSites">
        <test-method status="PASS" signature="SafeList_MyWeb_HomePage()[pri:14, instance:testRepository.MyWebSearch_LockIcon_SafeSites@6b2fad11]" name="SafeList_MyWeb_HomePage" duration-ms="34727" started-at="2018-09-07T15:21:04Z" finished-at="2018-09-07T15:21:38Z">
          <reporter-output>
          </reporter-output>
        </test-method> <!-- SafeList_MyWeb_HomePage -->
      </class> <!-- testRepository.MyWebSearch_LockIcon_SafeSites -->
      <class name="testRepository.MyWay_LockIcon_SafeSites">
        <test-method status="PASS" signature="SafeList_MyWay_HomePage()[pri:13, instance:testRepository.MyWay_LockIcon_SafeSites@79b4d0f]" name="SafeList_MyWay_HomePage" duration-ms="36464" started-at="2018-09-07T15:20:27Z" finished-at="2018-09-07T15:21:04Z">
          <reporter-output>
          </reporter-output>
        </test-method> <!-- SafeList_MyWay_HomePage -->
      </class> <!-- testRepository.MyWay_LockIcon_SafeSites -->
    </test> <!-- Searchlock Serp TestCases v1.0.4 -->
    <test name="Searchlock Serp TestCases v1.0.5" duration-ms="9956081" started-at="2018-09-07T07:29:46Z" finished-at="2018-09-07T10:15:42Z">
      <class name="testRepository.Wow_LockIcon_SafeSites">
        <test-method status="PASS" signature="SafeList_WOW_HomePage()[pri:15, instance:testRepository.Wow_LockIcon_SafeSites@783e6358]" name="SafeList_WOW_HomePage" duration-ms="35113" started-at="2018-09-07T15:37:51Z" finished-at="2018-09-07T15:38:26Z">
          <reporter-output>
          </reporter-output>
        </test-method> <!-- SafeList_WOW_HomePage -->
      </class> <!-- testRepository.Wow_LockIcon_SafeSites -->
      <class name="testRepository.Google_LockIcon_SafeSites">
        <test-method status="PASS" signature="initializeWebBrowser(java.lang.String)[pri:0, instance:testRepository.Google_LockIcon_SafeSites@5f2050f6]" name="initializeWebBrowser" is-config="true" duration-ms="3483" started-at="2018-09-07T15:29:46Z" finished-at="2018-09-07T15:29:49Z">
          <params>
            <param index="0">
              <value>
                <![CDATA[prod_automation_searchlock_for_chrome_v1.0.5.crx]]>
              </value>
            </param>
          </params>
          <reporter-output>
          </reporter-output>
        </test-method> <!-- initializeWebBrowser -->
        <test-method status="PASS" signature="SafeList_Google_HomePage()[pri:1, instance:testRepository.Google_LockIcon_SafeSites@5f2050f6]" name="SafeList_Google_HomePage" duration-ms="74968" started-at="2018-09-07T15:29:49Z" finished-at="2018-09-07T15:31:04Z">
          <reporter-output>
          </reporter-output>
        </test-method> <!-- SafeList_Google_HomePage -->
        <test-method status="PASS" signature="SafeList_Google_Images()[pri:2, instance:testRepository.Google_LockIcon_SafeSites@5f2050f6]" name="SafeList_Google_Images" duration-ms="42418" started-at="2018-09-07T15:31:04Z" finished-at="2018-09-07T15:31:47Z">
          <reporter-output>
          </reporter-output>
        </test-method> <!-- SafeList_Google_Images -->
        <test-method status="PASS" signature="SafeList_Google_ImagesLink()[pri:3, instance:testRepository.Google_LockIcon_SafeSites@5f2050f6]" name="SafeList_Google_ImagesLink" duration-ms="35899" started-at="2018-09-07T15:31:47Z" finished-at="2018-09-07T15:32:23Z">
          <reporter-output>
          </reporter-output>
        </test-method> <!-- SafeList_Google_ImagesLink -->
        <test-method status="PASS" signature="SafeList_Google_Videos()[pri:4, instance:testRepository.Google_LockIcon_SafeSites@5f2050f6]" name="SafeList_Google_Videos" duration-ms="32939" started-at="2018-09-07T15:32:23Z" finished-at="2018-09-07T15:32:56Z">
          <reporter-output>
          </reporter-output>
        </test-method> <!-- SafeList_Google_Videos -->
        <test-method status="PASS" signature="SafeList_Google_Shopping()[pri:5, instance:testRepository.Google_LockIcon_SafeSites@5f2050f6]" name="SafeList_Google_Shopping" duration-ms="31636" started-at="2018-09-07T15:32:56Z" finished-at="2018-09-07T15:33:27Z">
          <reporter-output>
          </reporter-output>
        </test-method> <!-- SafeList_Google_Shopping -->
        <test-method status="FAIL" signature="exitWebDriver()[pri:0, instance:testRepository.Google_LockIcon_SafeSites@5f2050f6]" name="exitWebDriver" is-config="true" duration-ms="1514" started-at="2018-09-07T18:15:40Z" finished-at="2018-09-07T18:15:42Z">
          <exception class="org.openqa.selenium.WebDriverException">
            <message>
              <![CDATA[java.net.ConnectException: Failed to connect to localhost/127.0.0.1:28741
Build info: version: '3.12.0', revision: '7c6e0b3', time: '2018-05-08T14:04:26.12Z'
System info: host: 'LTE-BEE-029', ip: '169.254.201.0', os.name: 'Windows 10', os.arch: 'amd64', os.version: '10.0', java.version: '1.8.0_131'
Driver info: driver.version: BaseDriver]]>
            </message>
            <full-stacktrace>
              <![CDATA[org.openqa.selenium.WebDriverException: java.net.ConnectException: Failed to connect to localhost/127.0.0.1:28741
Build info: version: '3.12.0', revision: '7c6e0b3', time: '2018-05-08T14:04:26.12Z'
System info: host: 'LTE-BEE-029', ip: '169.254.201.0', os.name: 'Windows 10', os.arch: 'amd64', os.version: '10.0', java.version: '1.8.0_131'
Driver info: driver.version: BaseDriver
	at org.openqa.selenium.remote.service.DriverCommandExecutor.execute(DriverCommandExecutor.java:92)
	at org.openqa.selenium.remote.RemoteWebDriver.execute(RemoteWebDriver.java:543)
	at org.openqa.selenium.remote.RemoteWebDriver.execute(RemoteWebDriver.java:600)
	at org.openqa.selenium.remote.RemoteWebDriver.quit(RemoteWebDriver.java:443)
	at com.Utility.BaseDriver.exitWebDriver(BaseDriver.java:148)
	at sun.reflect.NativeMethodAccessorImpl.invoke0(Native Method)
	at sun.reflect.NativeMethodAccessorImpl.invoke(NativeMethodAccessorImpl.java:62)
	at sun.reflect.DelegatingMethodAccessorImpl.invoke(DelegatingMethodAccessorImpl.java:43)
	at java.lang.reflect.Method.invoke(Method.java:498)
	at org.testng.internal.MethodInvocationHelper.invokeMethod(MethodInvocationHelper.java:108)
	at org.testng.internal.Invoker.invokeConfigurationMethod(Invoker.java:523)
	at org.testng.internal.Invoker.invokeConfigurations(Invoker.java:224)
	at org.testng.internal.Invoker.invokeConfigurations(Invoker.java:146)
	at org.testng.TestRunner.afterRun(TestRunner.java:958)
	at org.testng.TestRunner.run(TestRunner.java:606)
	at org.testng.SuiteRunner.runTest(SuiteRunner.java:380)
	at org.testng.SuiteRunner.access$000(SuiteRunner.java:39)
	at org.testng.SuiteRunner$SuiteWorker.run(SuiteRunner.java:414)
	at org.testng.internal.thread.ThreadUtil$1.call(ThreadUtil.java:52)
	at java.util.concurrent.FutureTask.run(FutureTask.java:266)
	at java.util.concurrent.ThreadPoolExecutor.runWorker(ThreadPoolExecutor.java:1142)
	at java.util.concurrent.ThreadPoolExecutor$Worker.run(ThreadPoolExecutor.java:617)
	at java.lang.Thread.run(Thread.java:748)
Caused by: java.net.ConnectException: Failed to connect to localhost/127.0.0.1:28741
	at okhttp3.internal.connection.RealConnection.connectSocket(RealConnection.java:240)
	at okhttp3.internal.connection.RealConnection.connect(RealConnection.java:158)
	at okhttp3.internal.connection.StreamAllocation.findConnection(StreamAllocation.java:256)
	at okhttp3.internal.connection.StreamAllocation.findHealthyConnection(StreamAllocation.java:134)
	at okhttp3.internal.connection.StreamAllocation.newStream(StreamAllocation.java:113)
	at okhttp3.internal.connection.ConnectInterceptor.intercept(ConnectInterceptor.java:42)
	at okhttp3.internal.http.RealInterceptorChain.proceed(RealInterceptorChain.java:147)
	at okhttp3.internal.http.RealInterceptorChain.proceed(RealInterceptorChain.java:121)
	at okhttp3.internal.cache.CacheInterceptor.intercept(CacheInterceptor.java:93)
	at okhttp3.internal.http.RealInterceptorChain.proceed(RealInterceptorChain.java:147)
	at okhttp3.internal.http.RealInterceptorChain.proceed(RealInterceptorChain.java:121)
	at okhttp3.internal.http.BridgeInterceptor.intercept(BridgeInterceptor.java:93)
	at okhttp3.internal.http.RealInterceptorChain.proceed(RealInterceptorChain.java:147)
	at okhttp3.internal.http.RetryAndFollowUpInterceptor.intercept(RetryAndFollowUpInterceptor.java:125)
	at okhttp3.internal.http.RealInterceptorChain.proceed(RealInterceptorChain.java:147)
	at okhttp3.internal.http.RealInterceptorChain.proceed(RealInterceptorChain.java:121)
	at okhttp3.RealCall.getResponseWithInterceptorChain(RealCall.java:200)
	at okhttp3.RealCall.execute(RealCall.java:77)
	at org.openqa.selenium.remote.internal.OkHttpClient.execute(OkHttpClient.java:105)
	at org.openqa.selenium.remote.HttpCommandExecutor.execute(HttpCommandExecutor.java:155)
	at org.openqa.selenium.remote.service.DriverCommandExecutor.execute(DriverCommandExecutor.java:83)
	... 22 more
Caused by: java.net.ConnectException: Connection refused: connect
	at java.net.DualStackPlainSocketImpl.waitForConnect(Native Method)
	at java.net.DualStackPlainSocketImpl.socketConnect(DualStackPlainSocketImpl.java:85)
	at java.net.AbstractPlainSocketImpl.doConnect(AbstractPlainSocketImpl.java:350)
	at java.net.AbstractPlainSocketImpl.connectToAddress(AbstractPlainSocketImpl.java:206)
	at java.net.AbstractPlainSocketImpl.connect(AbstractPlainSocketImpl.java:188)
	at java.net.PlainSocketImpl.connect(PlainSocketImpl.java:172)
	at java.net.SocksSocketImpl.connect(SocksSocketImpl.java:392)
	at java.net.Socket.connect(Socket.java:589)
	at okhttp3.internal.platform.Platform.connectSocket(Platform.java:125)
	at okhttp3.internal.connection.RealConnection.connectSocket(RealConnection.java:238)
	... 42 more
]]>
            </full-stacktrace>
          </exception> <!-- org.openqa.selenium.WebDriverException -->
          <reporter-output>
          </reporter-output>
        </test-method> <!-- exitWebDriver -->
      </class> <!-- testRepository.Google_LockIcon_SafeSites -->
      <class name="testRepository.Bing_LockIcon_SafeSites">
        <test-method status="PASS" signature="SafeList_Bing_HomePage()[pri:6, instance:testRepository.Bing_LockIcon_SafeSites@3b81a1bc]" name="SafeList_Bing_HomePage" duration-ms="35190" started-at="2018-09-07T15:33:27Z" finished-at="2018-09-07T15:34:02Z">
          <reporter-output>
          </reporter-output>
        </test-method> <!-- SafeList_Bing_HomePage -->
        <test-method status="PASS" signature="SafeList_Bing_Images()[pri:7, instance:testRepository.Bing_LockIcon_SafeSites@3b81a1bc]" name="SafeList_Bing_Images" duration-ms="24489" started-at="2018-09-07T15:34:02Z" finished-at="2018-09-07T15:34:27Z">
          <reporter-output>
          </reporter-output>
        </test-method> <!-- SafeList_Bing_Images -->
        <test-method status="PASS" signature="SafeList_Bing_Videos()[pri:8, instance:testRepository.Bing_LockIcon_SafeSites@3b81a1bc]" name="SafeList_Bing_Videos" duration-ms="21875" started-at="2018-09-07T15:34:27Z" finished-at="2018-09-07T15:34:49Z">
          <reporter-output>
          </reporter-output>
        </test-method> <!-- SafeList_Bing_Videos -->
        <test-method status="PASS" signature="SafeList_Bing_Explore()[pri:9, instance:testRepository.Bing_LockIcon_SafeSites@3b81a1bc]" name="SafeList_Bing_Explore" duration-ms="21757" started-at="2018-09-07T15:34:49Z" finished-at="2018-09-07T15:35:10Z">
          <reporter-output>
          </reporter-output>
        </test-method> <!-- SafeList_Bing_Explore -->
        <test-method status="PASS" signature="SafeList_Bing_Fun()[pri:9, instance:testRepository.Bing_LockIcon_SafeSites@3b81a1bc]" name="SafeList_Bing_Fun" duration-ms="25224" started-at="2018-09-07T15:35:10Z" finished-at="2018-09-07T15:35:36Z">
          <reporter-output>
          </reporter-output>
        </test-method> <!-- SafeList_Bing_Fun -->
      </class> <!-- testRepository.Bing_LockIcon_SafeSites -->
      <class name="testRepository.Ask_LockIcon_SafeSites">
        <test-method status="PASS" signature="SafeList_Ask_HomePage()[pri:11, instance:testRepository.Ask_LockIcon_SafeSites@64616ca2]" name="SafeList_Ask_HomePage" duration-ms="34943" started-at="2018-09-07T15:35:36Z" finished-at="2018-09-07T15:36:11Z">
          <reporter-output>
          </reporter-output>
        </test-method> <!-- SafeList_Ask_HomePage -->
        <test-method status="PASS" signature="SafeList_Ask_Video()[pri:12, instance:testRepository.Ask_LockIcon_SafeSites@64616ca2]" name="SafeList_Ask_Video" duration-ms="29794" started-at="2018-09-07T15:36:11Z" finished-at="2018-09-07T15:36:40Z">
          <reporter-output>
          </reporter-output>
        </test-method> <!-- SafeList_Ask_Video -->
      </class> <!-- testRepository.Ask_LockIcon_SafeSites -->
      <class name="testRepository.Msn_LockIcon_SafeSites">
        <test-method status="PASS" signature="SafeList_Msn_HomePage()[pri:16, instance:testRepository.Msn_LockIcon_SafeSites@17550481]" name="SafeList_Msn_HomePage" duration-ms="50282" started-at="2018-09-07T15:38:26Z" finished-at="2018-09-07T15:39:16Z">
          <reporter-output>
          </reporter-output>
        </test-method> <!-- SafeList_Msn_HomePage -->
        <test-method status="PASS" signature="SafeList_Msn_Weather()[pri:17, instance:testRepository.Msn_LockIcon_SafeSites@17550481]" name="SafeList_Msn_Weather" duration-ms="34181" started-at="2018-09-07T15:39:16Z" finished-at="2018-09-07T15:39:50Z">
          <reporter-output>
          </reporter-output>
        </test-method> <!-- SafeList_Msn_Weather -->
        <test-method status="PASS" signature="SafeList_Msn_News()[pri:18, instance:testRepository.Msn_LockIcon_SafeSites@17550481]" name="SafeList_Msn_News" duration-ms="39696" started-at="2018-09-07T15:39:50Z" finished-at="2018-09-07T15:40:30Z">
          <reporter-output>
          </reporter-output>
        </test-method> <!-- SafeList_Msn_News -->
        <test-method status="PASS" signature="SafeList_Msn_Entertainment()[pri:19, instance:testRepository.Msn_LockIcon_SafeSites@17550481]" name="SafeList_Msn_Entertainment" duration-ms="40046" started-at="2018-09-07T15:40:30Z" finished-at="2018-09-07T15:41:10Z">
          <reporter-output>
          </reporter-output>
        </test-method> <!-- SafeList_Msn_Entertainment -->
        <test-method status="PASS" signature="SafeList_Msn_Sports()[pri:20, instance:testRepository.Msn_LockIcon_SafeSites@17550481]" name="SafeList_Msn_Sports" duration-ms="41418" started-at="2018-09-07T15:41:10Z" finished-at="2018-09-07T15:41:51Z">
          <reporter-output>
          </reporter-output>
        </test-method> <!-- SafeList_Msn_Sports -->
        <test-method status="PASS" signature="SafeList_Msn_Money()[pri:21, instance:testRepository.Msn_LockIcon_SafeSites@17550481]" name="SafeList_Msn_Money" duration-ms="57788" started-at="2018-09-07T15:41:51Z" finished-at="2018-09-07T15:42:49Z">
          <reporter-output>
          </reporter-output>
        </test-method> <!-- SafeList_Msn_Money -->
        <test-method status="PASS" signature="SafeList_Msn_LifeStyle()[pri:22, instance:testRepository.Msn_LockIcon_SafeSites@17550481]" name="SafeList_Msn_LifeStyle" duration-ms="32617" started-at="2018-09-07T15:42:49Z" finished-at="2018-09-07T15:43:22Z">
          <reporter-output>
          </reporter-output>
        </test-method> <!-- SafeList_Msn_LifeStyle -->
        <test-method status="PASS" signature="SafeList_Msn_Health()[pri:23, instance:testRepository.Msn_LockIcon_SafeSites@17550481]" name="SafeList_Msn_Health" duration-ms="36447" started-at="2018-09-07T15:43:22Z" finished-at="2018-09-07T15:43:58Z">
          <reporter-output>
          </reporter-output>
        </test-method> <!-- SafeList_Msn_Health -->
        <test-method status="PASS" signature="SafeList_Msn_Food()[pri:24, instance:testRepository.Msn_LockIcon_SafeSites@17550481]" name="SafeList_Msn_Food" duration-ms="691230778" started-at="2018-09-07T15:43:58Z" finished-at="2018-09-15T15:44:29Z">
          <reporter-output>
          </reporter-output>
        </test-method> <!-- SafeList_Msn_Food -->
        <test-method status="FAIL" signature="SafeList_Msn_Videos()[pri:27, instance:testRepository.Msn_LockIcon_SafeSites@17550481]" name="SafeList_Msn_Videos" duration-ms="1003" started-at="2018-09-07T18:15:39Z" finished-at="2018-09-07T18:15:40Z">
          <exception class="org.openqa.selenium.WebDriverException">
            <message>
              <![CDATA[java.net.ConnectException: Failed to connect to localhost/127.0.0.1:28741
Build info: version: '3.12.0', revision: '7c6e0b3', time: '2018-05-08T14:04:26.12Z'
System info: host: 'LTE-BEE-029', ip: '169.254.201.0', os.name: 'Windows 10', os.arch: 'amd64', os.version: '10.0', java.version: '1.8.0_131'
Driver info: driver.version: RemoteWebDriver]]>
            </message>
            <full-stacktrace>
              <![CDATA[org.openqa.selenium.WebDriverException: java.net.ConnectException: Failed to connect to localhost/127.0.0.1:28741
Build info: version: '3.12.0', revision: '7c6e0b3', time: '2018-05-08T14:04:26.12Z'
System info: host: 'LTE-BEE-029', ip: '169.254.201.0', os.name: 'Windows 10', os.arch: 'amd64', os.version: '10.0', java.version: '1.8.0_131'
Driver info: driver.version: RemoteWebDriver
	at org.openqa.selenium.remote.service.DriverCommandExecutor.execute(DriverCommandExecutor.java:92)
	at org.openqa.selenium.remote.RemoteWebDriver.execute(RemoteWebDriver.java:543)
	at org.openqa.selenium.remote.RemoteWebDriver.get(RemoteWebDriver.java:271)
	at testRepository.Msn_LockIcon_SafeSites.SafeList_Msn_Videos(Msn_LockIcon_SafeSites.java:120)
	at sun.reflect.NativeMethodAccessorImpl.invoke0(Native Method)
	at sun.reflect.NativeMethodAccessorImpl.invoke(NativeMethodAccessorImpl.java:62)
	at sun.reflect.DelegatingMethodAccessorImpl.invoke(DelegatingMethodAccessorImpl.java:43)
	at java.lang.reflect.Method.invoke(Method.java:498)
	at org.testng.internal.MethodInvocationHelper.invokeMethod(MethodInvocationHelper.java:108)
	at org.testng.internal.Invoker.invokeMethod(Invoker.java:661)
	at org.testng.internal.Invoker.invokeTestMethod(Invoker.java:869)
	at org.testng.internal.Invoker.invokeTestMethods(Invoker.java:1193)
	at org.testng.internal.TestMethodWorker.invokeTestMethods(TestMethodWorker.java:126)
	at org.testng.internal.TestMethodWorker.run(TestMethodWorker.java:109)
	at org.testng.TestRunner.privateRun(TestRunner.java:744)
	at org.testng.TestRunner.run(TestRunner.java:602)
	at org.testng.SuiteRunner.runTest(SuiteRunner.java:380)
	at org.testng.SuiteRunner.access$000(SuiteRunner.java:39)
	at org.testng.SuiteRunner$SuiteWorker.run(SuiteRunner.java:414)
	at org.testng.internal.thread.ThreadUtil$1.call(ThreadUtil.java:52)
	at java.util.concurrent.FutureTask.run(FutureTask.java:266)
	at java.util.concurrent.ThreadPoolExecutor.runWorker(ThreadPoolExecutor.java:1142)
	at java.util.concurrent.ThreadPoolExecutor$Worker.run(ThreadPoolExecutor.java:617)
	at java.lang.Thread.run(Thread.java:748)
Caused by: java.net.ConnectException: Failed to connect to localhost/127.0.0.1:28741
	at okhttp3.internal.connection.RealConnection.connectSocket(RealConnection.java:240)
	at okhttp3.internal.connection.RealConnection.connect(RealConnection.java:158)
	at okhttp3.internal.connection.StreamAllocation.findConnection(StreamAllocation.java:256)
	at okhttp3.internal.connection.StreamAllocation.findHealthyConnection(StreamAllocation.java:134)
	at okhttp3.internal.connection.StreamAllocation.newStream(StreamAllocation.java:113)
	at okhttp3.internal.connection.ConnectInterceptor.intercept(ConnectInterceptor.java:42)
	at okhttp3.internal.http.RealInterceptorChain.proceed(RealInterceptorChain.java:147)
	at okhttp3.internal.http.RealInterceptorChain.proceed(RealInterceptorChain.java:121)
	at okhttp3.internal.cache.CacheInterceptor.intercept(CacheInterceptor.java:93)
	at okhttp3.internal.http.RealInterceptorChain.proceed(RealInterceptorChain.java:147)
	at okhttp3.internal.http.RealInterceptorChain.proceed(RealInterceptorChain.java:121)
	at okhttp3.internal.http.BridgeInterceptor.intercept(BridgeInterceptor.java:93)
	at okhttp3.internal.http.RealInterceptorChain.proceed(RealInterceptorChain.java:147)
	at okhttp3.internal.http.RetryAndFollowUpInterceptor.intercept(RetryAndFollowUpInterceptor.java:125)
	at okhttp3.internal.http.RealInterceptorChain.proceed(RealInterceptorChain.java:147)
	at okhttp3.internal.http.RealInterceptorChain.proceed(RealInterceptorChain.java:121)
	at okhttp3.RealCall.getResponseWithInterceptorChain(RealCall.java:200)
	at okhttp3.RealCall.execute(RealCall.java:77)
	at org.openqa.selenium.remote.internal.OkHttpClient.execute(OkHttpClient.java:105)
	at org.openqa.selenium.remote.HttpCommandExecutor.execute(HttpCommandExecutor.java:155)
	at org.openqa.selenium.remote.service.DriverCommandExecutor.execute(DriverCommandExecutor.java:83)
	... 23 more
Caused by: java.net.ConnectException: Connection refused: connect
	at java.net.DualStackPlainSocketImpl.waitForConnect(Native Method)
	at java.net.DualStackPlainSocketImpl.socketConnect(DualStackPlainSocketImpl.java:85)
	at java.net.AbstractPlainSocketImpl.doConnect(AbstractPlainSocketImpl.java:350)
	at java.net.AbstractPlainSocketImpl.connectToAddress(AbstractPlainSocketImpl.java:206)
	at java.net.AbstractPlainSocketImpl.connect(AbstractPlainSocketImpl.java:188)
	at java.net.PlainSocketImpl.connect(PlainSocketImpl.java:172)
	at java.net.SocksSocketImpl.connect(SocksSocketImpl.java:392)
	at java.net.Socket.connect(Socket.java:589)
	at okhttp3.internal.platform.Platform.connectSocket(Platform.java:125)
	at okhttp3.internal.connection.RealConnection.connectSocket(RealConnection.java:238)
	... 43 more
]]>
            </full-stacktrace>
          </exception> <!-- org.openqa.selenium.WebDriverException -->
          <reporter-output>
          </reporter-output>
        </test-method> <!-- SafeList_Msn_Videos -->
        <test-method status="PASS" signature="SafeList_Msn_Travel()[pri:25, instance:testRepository.Msn_LockIcon_SafeSites@17550481]" name="SafeList_Msn_Travel" duration-ms="32918" started-at="2018-09-15T15:44:29Z" finished-at="2018-09-15T15:45:02Z">
          <reporter-output>
          </reporter-output>
        </test-method> <!-- SafeList_Msn_Travel -->
        <test-method status="FAIL" signature="SafeList_Msn_Autos()[pri:26, instance:testRepository.Msn_LockIcon_SafeSites@17550481]" name="SafeList_Msn_Autos" duration-ms="-682162603" started-at="2018-09-15T15:45:02Z" finished-at="2018-09-07T18:15:39Z">
          <exception class="java.lang.AssertionError">
            <message>
              <![CDATA[null]]>
            </message>
            <full-stacktrace>
              <![CDATA[java.lang.AssertionError: null
	at org.testng.Assert.fail(Assert.java:93)
	at org.testng.Assert.fail(Assert.java:100)
	at com.Objects.CommonMethods.verifyElement(CommonMethods.java:27)
	at com.Objects.CommonMethods.submitText(CommonMethods.java:97)
	at com.Objects.SafelistObjects.SafeListChromeWebRedirection_For_MSN(SafelistObjects.java:98)
	at testRepository.Msn_LockIcon_SafeSites.SafeList_Msn_Autos(Msn_LockIcon_SafeSites.java:112)
	at sun.reflect.NativeMethodAccessorImpl.invoke0(Native Method)
	at sun.reflect.NativeMethodAccessorImpl.invoke(NativeMethodAccessorImpl.java:62)
	at sun.reflect.DelegatingMethodAccessorImpl.invoke(DelegatingMethodAccessorImpl.java:43)
	at java.lang.reflect.Method.invoke(Method.java:498)
	at org.testng.internal.MethodInvocationHelper.invokeMethod(MethodInvocationHelper.java:108)
	at org.testng.internal.Invoker.invokeMethod(Invoker.java:661)
	at org.testng.internal.Invoker.invokeTestMethod(Invoker.java:869)
	at org.testng.internal.Invoker.invokeTestMethods(Invoker.java:1193)
	at org.testng.internal.TestMethodWorker.invokeTestMethods(TestMethodWorker.java:126)
	at org.testng.internal.TestMethodWorker.run(TestMethodWorker.java:109)
	at org.testng.TestRunner.privateRun(TestRunner.java:744)
	at org.testng.TestRunner.run(TestRunner.java:602)
	at org.testng.SuiteRunner.runTest(SuiteRunner.java:380)
	at org.testng.SuiteRunner.access$000(SuiteRunner.java:39)
	at org.testng.SuiteRunner$SuiteWorker.run(SuiteRunner.java:414)
	at org.testng.internal.thread.ThreadUtil$1.call(ThreadUtil.java:52)
	at java.util.concurrent.FutureTask.run(FutureTask.java:266)
	at java.util.concurrent.ThreadPoolExecutor.runWorker(ThreadPoolExecutor.java:1142)
	at java.util.concurrent.ThreadPoolExecutor$Worker.run(ThreadPoolExecutor.java:617)
	at java.lang.Thread.run(Thread.java:748)
]]>
            </full-stacktrace>
          </exception> <!-- java.lang.AssertionError -->
          <reporter-output>
          </reporter-output>
        </test-method> <!-- SafeList_Msn_Autos -->
      </class> <!-- testRepository.Msn_LockIcon_SafeSites -->
      <class name="testRepository.MyWebSearch_LockIcon_SafeSites">
        <test-method status="PASS" signature="SafeList_MyWeb_HomePage()[pri:14, instance:testRepository.MyWebSearch_LockIcon_SafeSites@4e04a765]" name="SafeList_MyWeb_HomePage" duration-ms="34277" started-at="2018-09-07T15:37:16Z" finished-at="2018-09-07T15:37:51Z">
          <reporter-output>
          </reporter-output>
        </test-method> <!-- SafeList_MyWeb_HomePage -->
      </class> <!-- testRepository.MyWebSearch_LockIcon_SafeSites -->
      <class name="testRepository.MyWay_LockIcon_SafeSites">
        <test-method status="PASS" signature="SafeList_MyWay_HomePage()[pri:13, instance:testRepository.MyWay_LockIcon_SafeSites@13fee20c]" name="SafeList_MyWay_HomePage" duration-ms="35854" started-at="2018-09-07T15:36:40Z" finished-at="2018-09-07T15:37:16Z">
          <reporter-output>
          </reporter-output>
        </test-method> <!-- SafeList_MyWay_HomePage -->
      </class> <!-- testRepository.MyWay_LockIcon_SafeSites -->
    </test> <!-- Searchlock Serp TestCases v1.0.5 -->
    <test name="Searchlock Serp TestCases v1.0.4 France" duration-ms="38994" started-at="2018-09-07T10:15:42Z" finished-at="2018-09-07T10:16:21Z">
      <class name="testRepository.Wow_LockIcon_SafeSites">
        <test-method status="FAIL" signature="SafeList_WOW_HomePage()[pri:15, instance:testRepository.Wow_LockIcon_SafeSites@60addb54]" name="SafeList_WOW_HomePage" duration-ms="1005" started-at="2018-09-07T18:16:06Z" finished-at="2018-09-07T18:16:07Z">
          <exception class="org.openqa.selenium.WebDriverException">
            <message>
              <![CDATA[java.net.ConnectException: Failed to connect to localhost/127.0.0.1:30789
Build info: version: '3.12.0', revision: '7c6e0b3', time: '2018-05-08T14:04:26.12Z'
System info: host: 'LTE-BEE-029', ip: '169.254.201.0', os.name: 'Windows 10', os.arch: 'amd64', os.version: '10.0', java.version: '1.8.0_131'
Driver info: driver.version: RemoteWebDriver]]>
            </message>
            <full-stacktrace>
              <![CDATA[org.openqa.selenium.WebDriverException: java.net.ConnectException: Failed to connect to localhost/127.0.0.1:30789
Build info: version: '3.12.0', revision: '7c6e0b3', time: '2018-05-08T14:04:26.12Z'
System info: host: 'LTE-BEE-029', ip: '169.254.201.0', os.name: 'Windows 10', os.arch: 'amd64', os.version: '10.0', java.version: '1.8.0_131'
Driver info: driver.version: RemoteWebDriver
	at org.openqa.selenium.remote.service.DriverCommandExecutor.execute(DriverCommandExecutor.java:92)
	at org.openqa.selenium.remote.RemoteWebDriver.execute(RemoteWebDriver.java:543)
	at org.openqa.selenium.remote.RemoteWebDriver.get(RemoteWebDriver.java:271)
	at testRepository.Wow_LockIcon_SafeSites.SafeList_WOW_HomePage(Wow_LockIcon_SafeSites.java:21)
	at sun.reflect.NativeMethodAccessorImpl.invoke0(Native Method)
	at sun.reflect.NativeMethodAccessorImpl.invoke(NativeMethodAccessorImpl.java:62)
	at sun.reflect.DelegatingMethodAccessorImpl.invoke(DelegatingMethodAccessorImpl.java:43)
	at java.lang.reflect.Method.invoke(Method.java:498)
	at org.testng.internal.MethodInvocationHelper.invokeMethod(MethodInvocationHelper.java:108)
	at org.testng.internal.Invoker.invokeMethod(Invoker.java:661)
	at org.testng.internal.Invoker.invokeTestMethod(Invoker.java:869)
	at org.testng.internal.Invoker.invokeTestMethods(Invoker.java:1193)
	at org.testng.internal.TestMethodWorker.invokeTestMethods(TestMethodWorker.java:126)
	at org.testng.internal.TestMethodWorker.run(TestMethodWorker.java:109)
	at org.testng.TestRunner.privateRun(TestRunner.java:744)
	at org.testng.TestRunner.run(TestRunner.java:602)
	at org.testng.SuiteRunner.runTest(SuiteRunner.java:380)
	at org.testng.SuiteRunner.access$000(SuiteRunner.java:39)
	at org.testng.SuiteRunner$SuiteWorker.run(SuiteRunner.java:414)
	at org.testng.internal.thread.ThreadUtil$1.call(ThreadUtil.java:52)
	at java.util.concurrent.FutureTask.run(FutureTask.java:266)
	at java.util.concurrent.ThreadPoolExecutor.runWorker(ThreadPoolExecutor.java:1142)
	at java.util.concurrent.ThreadPoolExecutor$Worker.run(ThreadPoolExecutor.java:617)
	at java.lang.Thread.run(Thread.java:748)
Caused by: java.net.ConnectException: Failed to connect to localhost/127.0.0.1:30789
	at okhttp3.internal.connection.RealConnection.connectSocket(RealConnection.java:240)
	at okhttp3.internal.connection.RealConnection.connect(RealConnection.java:158)
	at okhttp3.internal.connection.StreamAllocation.findConnection(StreamAllocation.java:256)
	at okhttp3.internal.connection.StreamAllocation.findHealthyConnection(StreamAllocation.java:134)
	at okhttp3.internal.connection.StreamAllocation.newStream(StreamAllocation.java:113)
	at okhttp3.internal.connection.ConnectInterceptor.intercept(ConnectInterceptor.java:42)
	at okhttp3.internal.http.RealInterceptorChain.proceed(RealInterceptorChain.java:147)
	at okhttp3.internal.http.RealInterceptorChain.proceed(RealInterceptorChain.java:121)
	at okhttp3.internal.cache.CacheInterceptor.intercept(CacheInterceptor.java:93)
	at okhttp3.internal.http.RealInterceptorChain.proceed(RealInterceptorChain.java:147)
	at okhttp3.internal.http.RealInterceptorChain.proceed(RealInterceptorChain.java:121)
	at okhttp3.internal.http.BridgeInterceptor.intercept(BridgeInterceptor.java:93)
	at okhttp3.internal.http.RealInterceptorChain.proceed(RealInterceptorChain.java:147)
	at okhttp3.internal.http.RetryAndFollowUpInterceptor.intercept(RetryAndFollowUpInterceptor.java:125)
	at okhttp3.internal.http.RealInterceptorChain.proceed(RealInterceptorChain.java:147)
	at okhttp3.internal.http.RealInterceptorChain.proceed(RealInterceptorChain.java:121)
	at okhttp3.RealCall.getResponseWithInterceptorChain(RealCall.java:200)
	at okhttp3.RealCall.execute(RealCall.java:77)
	at org.openqa.selenium.remote.internal.OkHttpClient.execute(OkHttpClient.java:105)
	at org.openqa.selenium.remote.HttpCommandExecutor.execute(HttpCommandExecutor.java:155)
	at org.openqa.selenium.remote.service.DriverCommandExecutor.execute(DriverCommandExecutor.java:83)
	... 23 more
Caused by: java.net.ConnectException: Connection refused: connect
	at java.net.DualStackPlainSocketImpl.waitForConnect(Native Method)
	at java.net.DualStackPlainSocketImpl.socketConnect(DualStackPlainSocketImpl.java:85)
	at java.net.AbstractPlainSocketImpl.doConnect(AbstractPlainSocketImpl.java:350)
	at java.net.AbstractPlainSocketImpl.connectToAddress(AbstractPlainSocketImpl.java:206)
	at java.net.AbstractPlainSocketImpl.connect(AbstractPlainSocketImpl.java:188)
	at java.net.PlainSocketImpl.connect(PlainSocketImpl.java:172)
	at java.net.SocksSocketImpl.connect(SocksSocketImpl.java:392)
	at java.net.Socket.connect(Socket.java:589)
	at okhttp3.internal.platform.Platform.connectSocket(Platform.java:125)
	at okhttp3.internal.connection.RealConnection.connectSocket(RealConnection.java:238)
	... 43 more
]]>
            </full-stacktrace>
          </exception> <!-- org.openqa.selenium.WebDriverException -->
          <reporter-output>
          </reporter-output>
        </test-method> <!-- SafeList_WOW_HomePage -->
      </class> <!-- testRepository.Wow_LockIcon_SafeSites -->
      <class name="testRepository.Google_LockIcon_SafeSites">
        <test-method status="PASS" signature="initializeWebBrowser(java.lang.String)[pri:0, instance:testRepository.Google_LockIcon_SafeSites@62043840]" name="initializeWebBrowser" is-config="true" duration-ms="1860" started-at="2018-09-07T18:15:42Z" finished-at="2018-09-07T18:15:44Z">
          <params>
            <param index="0">
              <value>
                <![CDATA[prod_automation_searchlock_france_v1.0.4.crx]]>
              </value>
            </param>
          </params>
          <reporter-output>
          </reporter-output>
        </test-method> <!-- initializeWebBrowser -->
        <test-method status="FAIL" signature="SafeList_Google_HomePage()[pri:1, instance:testRepository.Google_LockIcon_SafeSites@62043840]" name="SafeList_Google_HomePage" duration-ms="8282" started-at="2018-09-07T18:15:44Z" finished-at="2018-09-07T18:15:52Z">
          <exception class="org.openqa.selenium.NoSuchWindowException">
            <message>
              <![CDATA[no such window: target window already closed
from unknown error: web view not found
  (Session info: chrome=69.0.3497.81)
  (Driver info: chromedriver=2.36.540470 (e522d04694c7ebea4ba8821272dbef4f9b818c91),platform=Windows NT 10.0.14393 x86_64) (WARNING: The server did not provide any stacktrace information)
Command duration or timeout: 0 milliseconds
Build info: version: '3.12.0', revision: '7c6e0b3', time: '2018-05-08T14:04:26.12Z'
System info: host: 'LTE-BEE-029', ip: '169.254.201.0', os.name: 'Windows 10', os.arch: 'amd64', os.version: '10.0', java.version: '1.8.0_131'
Driver info: org.openqa.selenium.chrome.ChromeDriver
[...]
	at okhttp3.internal.http.RealInterceptorChain.proceed(RealInterceptorChain.java:147)
	at okhttp3.internal.http.RealInterceptorChain.proceed(RealInterceptorChain.java:121)
	at okhttp3.internal.http.BridgeInterceptor.intercept(BridgeInterceptor.java:93)
	at okhttp3.internal.http.RealInterceptorChain.proceed(RealInterceptorChain.java:147)
	at okhttp3.internal.http.RetryAndFollowUpInterceptor.intercept(RetryAndFollowUpInterceptor.java:125)
	at okhttp3.internal.http.RealInterceptorChain.proceed(RealInterceptorChain.java:147)
	at okhttp3.internal.http.RealInterceptorChain.proceed(RealInterceptorChain.java:121)
	at okhttp3.RealCall.getResponseWithInterceptorChain(RealCall.java:200)
	at okhttp3.RealCall.execute(RealCall.java:77)
	at org.openqa.selenium.remote.internal.OkHttpClient.execute(OkHttpClient.java:105)
	at org.openqa.selenium.remote.HttpCommandExecutor.execute(HttpCommandExecutor.java:155)
	at org.openqa.selenium.remote.service.DriverCommandExecutor.execute(DriverCommandExecutor.java:83)
	... 23 more
Caused by: java.net.ConnectException: Connection refused: connect
	at java.net.DualStackPlainSocketImpl.waitForConnect(Native Method)
	at java.net.DualStackPlainSocketImpl.socketConnect(DualStackPlainSocketImpl.java:85)
	at java.net.AbstractPlainSocketImpl.doConnect(AbstractPlainSocketImpl.java:350)
	at java.net.AbstractPlainSocketImpl.connectToAddress(AbstractPlainSocketImpl.java:206)
	at java.net.AbstractPlainSocketImpl.connect(AbstractPlainSocketImpl.java:188)
	at java.net.PlainSocketImpl.connect(PlainSocketImpl.java:172)
	at java.net.SocksSocketImpl.connect(SocksSocketImpl.java:392)
	at java.net.Socket.connect(Socket.java:589)
	at okhttp3.internal.platform.Platform.connectSocket(Platform.java:125)
	at okhttp3.internal.connection.RealConnection.connectSocket(RealConnection.java:238)
	... 43 more
]]>
            </full-stacktrace>
          </exception> <!-- org.openqa.selenium.WebDriverException -->
          <reporter-output>
          </reporter-output>
        </test-method> <!-- SafeList_Msn_Autos -->
        <test-method status="FAIL" signature="SafeList_Msn_Videos()[pri:27, instance:testRepository.Msn_LockIcon_SafeSites@47f6473]" name="SafeList_Msn_Videos" duration-ms="1002" started-at="2018-09-07T18:16:55Z" finished-at="2018-09-07T18:16:56Z">
          <exception class="org.openqa.selenium.WebDriverException">
            <message>
              <![CDATA[java.net.ConnectException: Failed to connect to localhost/127.0.0.1:37673
Build info: version: '3.12.0', revision: '7c6e0b3', time: '2018-05-08T14:04:26.12Z'
System info: host: 'LTE-BEE-029', ip: '169.254.201.0', os.name: 'Windows 10', os.arch: 'amd64', os.version: '10.0', java.version: '1.8.0_131'
Driver info: driver.version: RemoteWebDriver]]>
            </message>
            <full-stacktrace>
              <![CDATA[org.openqa.selenium.WebDriverException: java.net.ConnectException: Failed to connect to localhost/127.0.0.1:37673
Build info: version: '3.12.0', revision: '7c6e0b3', time: '2018-05-08T14:04:26.12Z'
System info: host: 'LTE-BEE-029', ip: '169.254.201.0', os.name: 'Windows 10', os.arch: 'amd64', os.version: '10.0', java.version: '1.8.0_131'
Driver info: driver.version: RemoteWebDriver
	at org.openqa.selenium.remote.service.DriverCommandExecutor.execute(DriverCommandExecutor.java:92)
	at org.openqa.selenium.remote.RemoteWebDriver.execute(RemoteWebDriver.java:543)
	at org.openqa.selenium.remote.RemoteWebDriver.get(RemoteWebDriver.java:271)
	at testRepository.Msn_LockIcon_SafeSites.SafeList_Msn_Videos(Msn_LockIcon_SafeSites.java:120)
	at sun.reflect.NativeMethodAccessorImpl.invoke0(Native Method)
	at sun.reflect.NativeMethodAccessorImpl.invoke(NativeMethodAccessorImpl.java:62)
	at sun.reflect.DelegatingMethodAccessorImpl.invoke(DelegatingMethodAccessorImpl.java:43)
	at java.lang.reflect.Method.invoke(Method.java:498)
	at org.testng.internal.MethodInvocationHelper.invokeMethod(MethodInvocationHelper.java:108)
	at org.testng.internal.Invoker.invokeMethod(Invoker.java:661)
	at org.testng.internal.Invoker.invokeTestMethod(Invoker.java:869)
	at org.testng.internal.Invoker.invokeTestMethods(Invoker.java:1193)
	at org.testng.internal.TestMethodWorker.invokeTestMethods(TestMethodWorker.java:126)
	at org.testng.internal.TestMethodWorker.run(TestMethodWorker.java:109)
	at org.testng.TestRunner.privateRun(TestRunner.java:744)
	at org.testng.TestRunner.run(TestRunner.java:602)
	at org.testng.SuiteRunner.runTest(SuiteRunner.java:380)
	at org.testng.SuiteRunner.access$000(SuiteRunner.java:39)
	at org.testng.SuiteRunner$SuiteWorker.run(SuiteRunner.java:414)
	at org.testng.internal.thread.ThreadUtil$1.call(ThreadUtil.java:52)
	at java.util.concurrent.FutureTask.run(FutureTask.java:266)
	at java.util.concurrent.ThreadPoolExecutor.runWorker(ThreadPoolExecutor.java:1142)
	at java.util.concurrent.ThreadPoolExecutor$Worker.run(ThreadPoolExecutor.java:617)
	at java.lang.Thread.run(Thread.java:748)
Caused by: java.net.ConnectException: Failed to connect to localhost/127.0.0.1:37673
	at okhttp3.internal.connection.RealConnection.connectSocket(RealConnection.java:240)
	at okhttp3.internal.connection.RealConnection.connect(RealConnection.java:158)
	at okhttp3.internal.connection.StreamAllocation.findConnection(StreamAllocation.java:256)
	at okhttp3.internal.connection.StreamAllocation.findHealthyConnection(StreamAllocation.java:134)
	at okhttp3.internal.connection.StreamAllocation.newStream(StreamAllocation.java:113)
	at okhttp3.internal.connection.ConnectInterceptor.intercept(ConnectInterceptor.java:42)
	at okhttp3.internal.http.RealInterceptorChain.proceed(RealInterceptorChain.java:147)
	at okhttp3.internal.http.RealInterceptorChain.proceed(RealInterceptorChain.java:121)
	at okhttp3.internal.cache.CacheInterceptor.intercept(CacheInterceptor.java:93)
	at okhttp3.internal.http.RealInterceptorChain.proceed(RealInterceptorChain.java:147)
	at okhttp3.internal.http.RealInterceptorChain.proceed(RealInterceptorChain.java:121)
	at okhttp3.internal.http.BridgeInterceptor.intercept(BridgeInterceptor.java:93)
	at okhttp3.internal.http.RealInterceptorChain.proceed(RealInterceptorChain.java:147)
	at okhttp3.internal.http.RetryAndFollowUpInterceptor.intercept(RetryAndFollowUpInterceptor.java:125)
	at okhttp3.internal.http.RealInterceptorChain.proceed(RealInterceptorChain.java:147)
	at okhttp3.internal.http.RealInterceptorChain.proceed(RealInterceptorChain.java:121)
	at okhttp3.RealCall.getResponseWithInterceptorChain(RealCall.java:200)
	at okhttp3.RealCall.execute(RealCall.java:77)
	at org.openqa.selenium.remote.internal.OkHttpClient.execute(OkHttpClient.java:105)
	at org.openqa.selenium.remote.HttpCommandExecutor.execute(HttpCommandExecutor.java:155)
	at org.openqa.selenium.remote.service.DriverCommandExecutor.execute(DriverCommandExecutor.java:83)
	... 23 more
Caused by: java.net.ConnectException: Connection refused: connect
	at java.net.DualStackPlainSocketImpl.waitForConnect(Native Method)
	at java.net.DualStackPlainSocketImpl.socketConnect(DualStackPlainSocketImpl.java:85)
	at java.net.AbstractPlainSocketImpl.doConnect(AbstractPlainSocketImpl.java:350)
	at java.net.AbstractPlainSocketImpl.connectToAddress(AbstractPlainSocketImpl.java:206)
	at java.net.AbstractPlainSocketImpl.connect(AbstractPlainSocketImpl.java:188)
	at java.net.PlainSocketImpl.connect(PlainSocketImpl.java:172)
	at java.net.SocksSocketImpl.connect(SocksSocketImpl.java:392)
	at java.net.Socket.connect(Socket.java:589)
	at okhttp3.internal.platform.Platform.connectSocket(Platform.java:125)
	at okhttp3.internal.connection.RealConnection.connectSocket(RealConnection.java:238)
	... 43 more
]]>
            </full-stacktrace>
          </exception> <!-- org.openqa.selenium.WebDriverException -->
          <reporter-output>
          </reporter-output>
        </test-method> <!-- SafeList_Msn_Videos -->
      </class> <!-- testRepository.Msn_LockIcon_SafeSites -->
      <class name="testRepository.MyWebSearch_LockIcon_SafeSites">
        <test-method status="FAIL" signature="SafeList_MyWeb_HomePage()[pri:14, instance:testRepository.MyWebSearch_LockIcon_SafeSites@4157f54e]" name="SafeList_MyWeb_HomePage" duration-ms="1004" started-at="2018-09-07T18:16:42Z" finished-at="2018-09-07T18:16:43Z">
          <exception class="org.openqa.selenium.WebDriverException">
            <message>
              <![CDATA[java.net.ConnectException: Failed to connect to localhost/127.0.0.1:37673
Build info: version: '3.12.0', revision: '7c6e0b3', time: '2018-05-08T14:04:26.12Z'
System info: host: 'LTE-BEE-029', ip: '169.254.201.0', os.name: 'Windows 10', os.arch: 'amd64', os.version: '10.0', java.version: '1.8.0_131'
Driver info: driver.version: RemoteWebDriver]]>
            </message>
            <full-stacktrace>
              <![CDATA[org.openqa.selenium.WebDriverException: java.net.ConnectException: Failed to connect to localhost/127.0.0.1:37673
Build info: version: '3.12.0', revision: '7c6e0b3', time: '2018-05-08T14:04:26.12Z'
System info: host: 'LTE-BEE-029', ip: '169.254.201.0', os.name: 'Windows 10', os.arch: 'amd64', os.version: '10.0', java.version: '1.8.0_131'
Driver info: driver.version: RemoteWebDriver
	at org.openqa.selenium.remote.service.DriverCommandExecutor.execute(DriverCommandExecutor.java:92)
	at org.openqa.selenium.remote.RemoteWebDriver.execute(RemoteWebDriver.java:543)
	at org.openqa.selenium.remote.RemoteWebDriver.get(RemoteWebDriver.java:271)
	at testRepository.MyWebSearch_LockIcon_SafeSites.SafeList_MyWeb_HomePage(MyWebSearch_LockIcon_SafeSites.java:21)
	at sun.reflect.NativeMethodAccessorImpl.invoke0(Native Method)
	at sun.reflect.NativeMethodAccessorImpl.invoke(NativeMethodAccessorImpl.java:62)
	at sun.reflect.DelegatingMethodAccessorImpl.invoke(DelegatingMethodAccessorImpl.java:43)
	at java.lang.reflect.Method.invoke(Method.java:498)
	at org.testng.internal.MethodInvocationHelper.invokeMethod(MethodInvocationHelper.java:108)
	at org.testng.internal.Invoker.invokeMethod(Invoker.java:661)
	at org.testng.internal.Invoker.invokeTestMethod(Invoker.java:869)
	at org.testng.internal.Invoker.invokeTestMethods(Invoker.java:1193)
	at org.testng.internal.TestMethodWorker.invokeTestMethods(TestMethodWorker.java:126)
	at org.testng.internal.TestMethodWorker.run(TestMethodWorker.java:109)
	at org.testng.TestRunner.privateRun(TestRunner.java:744)
	at org.testng.TestRunner.run(TestRunner.java:602)
	at org.testng.SuiteRunner.runTest(SuiteRunner.java:380)
	at org.testng.SuiteRunner.access$000(SuiteRunner.java:39)
	at org.testng.SuiteRunner$SuiteWorker.run(SuiteRunner.java:414)
	at org.testng.internal.thread.ThreadUtil$1.call(ThreadUtil.java:52)
	at java.util.concurrent.FutureTask.run(FutureTask.java:266)
	at java.util.concurrent.ThreadPoolExecutor.runWorker(ThreadPoolExecutor.java:1142)
	at java.util.concurrent.ThreadPoolExecutor$Worker.run(ThreadPoolExecutor.java:617)
	at java.lang.Thread.run(Thread.java:748)
Caused by: java.net.ConnectException: Failed to connect to localhost/127.0.0.1:37673
	at okhttp3.internal.connection.RealConnection.connectSocket(RealConnection.java:240)
	at okhttp3.internal.connection.RealConnection.connect(RealConnection.java:158)
	at okhttp3.internal.connection.StreamAllocation.findConnection(StreamAllocation.java:256)
	at okhttp3.internal.connection.StreamAllocation.findHealthyConnection(StreamAllocation.java:134)
	at okhttp3.internal.connection.StreamAllocation.newStream(StreamAllocation.java:113)
	at okhttp3.internal.connection.ConnectInterceptor.intercept(ConnectInterceptor.java:42)
	at okhttp3.internal.http.RealInterceptorChain.proceed(RealInterceptorChain.java:147)
	at okhttp3.internal.http.RealInterceptorChain.proceed(RealInterceptorChain.java:121)
	at okhttp3.internal.cache.CacheInterceptor.intercept(CacheInterceptor.java:93)
	at okhttp3.internal.http.RealInterceptorChain.proceed(RealInterceptorChain.java:147)
	at okhttp3.internal.http.RealInterceptorChain.proceed(RealInterceptorChain.java:121)
	at okhttp3.internal.http.BridgeInterceptor.intercept(BridgeInterceptor.java:93)
	at okhttp3.internal.http.RealInterceptorChain.proceed(RealInterceptorChain.java:147)
	at okhttp3.internal.http.RetryAndFollowUpInterceptor.intercept(RetryAndFollowUpInterceptor.java:125)
	at okhttp3.internal.http.RealInterceptorChain.proceed(RealInterceptorChain.java:147)
	at okhttp3.internal.http.RealInterceptorChain.proceed(RealInterceptorChain.java:121)
	at okhttp3.RealCall.getResponseWithInterceptorChain(RealCall.java:200)
	at okhttp3.RealCall.execute(RealCall.java:77)
	at org.openqa.selenium.remote.internal.OkHttpClient.execute(OkHttpClient.java:105)
	at org.openqa.selenium.remote.HttpCommandExecutor.execute(HttpCommandExecutor.java:155)
	at org.openqa.selenium.remote.service.DriverCommandExecutor.execute(DriverCommandExecutor.java:83)
	... 23 more
Caused by: java.net.ConnectException: Connection refused: connect
	at java.net.DualStackPlainSocketImpl.waitForConnect(Native Method)
	at java.net.DualStackPlainSocketImpl.socketConnect(DualStackPlainSocketImpl.java:85)
	at java.net.AbstractPlainSocketImpl.doConnect(AbstractPlainSocketImpl.java:350)
	at java.net.AbstractPlainSocketImpl.connectToAddress(AbstractPlainSocketImpl.java:206)
	at java.net.AbstractPlainSocketImpl.connect(AbstractPlainSocketImpl.java:188)
	at java.net.PlainSocketImpl.connect(PlainSocketImpl.java:172)
	at java.net.SocksSocketImpl.connect(SocksSocketImpl.java:392)
	at java.net.Socket.connect(Socket.java:589)
	at okhttp3.internal.platform.Platform.connectSocket(Platform.java:125)
	at okhttp3.internal.connection.RealConnection.connectSocket(RealConnection.java:238)
	... 43 more
]]>
            </full-stacktrace>
          </exception> <!-- org.openqa.selenium.WebDriverException -->
          <reporter-output>
          </reporter-output>
        </test-method> <!-- SafeList_MyWeb_HomePage -->
      </class> <!-- testRepository.MyWebSearch_LockIcon_SafeSites -->
      <class name="testRepository.MyWay_LockIcon_SafeSites">
        <test-method status="FAIL" signature="SafeList_MyWay_HomePage()[pri:13, instance:testRepository.MyWay_LockIcon_SafeSites@327471b5]" name="SafeList_MyWay_HomePage" duration-ms="1003" started-at="2018-09-07T18:16:41Z" finished-at="2018-09-07T18:16:42Z">
          <exception class="org.openqa.selenium.WebDriverException">
            <message>
              <![CDATA[java.net.ConnectException: Failed to connect to localhost/127.0.0.1:37673
Build info: version: '3.12.0', revision: '7c6e0b3', time: '2018-05-08T14:04:26.12Z'
System info: host: 'LTE-BEE-029', ip: '169.254.201.0', os.name: 'Windows 10', os.arch: 'amd64', os.version: '10.0', java.version: '1.8.0_131'
Driver info: driver.version: RemoteWebDriver]]>
            </message>
            <full-stacktrace>
              <![CDATA[org.openqa.selenium.WebDriverException: java.net.ConnectException: Failed to connect to localhost/127.0.0.1:37673
Build info: version: '3.12.0', revision: '7c6e0b3', time: '2018-05-08T14:04:26.12Z'
System info: host: 'LTE-BEE-029', ip: '169.254.201.0', os.name: 'Windows 10', os.arch: 'amd64', os.version: '10.0', java.version: '1.8.0_131'
Driver info: driver.version: RemoteWebDriver
	at org.openqa.selenium.remote.service.DriverCommandExecutor.execute(DriverCommandExecutor.java:92)
	at org.openqa.selenium.remote.RemoteWebDriver.execute(RemoteWebDriver.java:543)
	at org.openqa.selenium.remote.RemoteWebDriver.get(RemoteWebDriver.java:271)
	at testRepository.MyWay_LockIcon_SafeSites.SafeList_MyWay_HomePage(MyWay_LockIcon_SafeSites.java:21)
	at sun.reflect.NativeMethodAccessorImpl.invoke0(Native Method)
	at sun.reflect.NativeMethodAccessorImpl.invoke(NativeMethodAccessorImpl.java:62)
	at sun.reflect.DelegatingMethodAccessorImpl.invoke(DelegatingMethodAccessorImpl.java:43)
	at java.lang.reflect.Method.invoke(Method.java:498)
	at org.testng.internal.MethodInvocationHelper.invokeMethod(MethodInvocationHelper.java:108)
	at org.testng.internal.Invoker.invokeMethod(Invoker.java:661)
	at org.testng.internal.Invoker.invokeTestMethod(Invoker.java:869)
	at org.testng.internal.Invoker.invokeTestMethods(Invoker.java:1193)
	at org.testng.internal.TestMethodWorker.invokeTestMethods(TestMethodWorker.java:126)
	at org.testng.internal.TestMethodWorker.run(TestMethodWorker.java:109)
	at org.testng.TestRunner.privateRun(TestRunner.java:744)
	at org.testng.TestRunner.run(TestRunner.java:602)
	at org.testng.SuiteRunner.runTest(SuiteRunner.java:380)
	at org.testng.SuiteRunner.access$000(SuiteRunner.java:39)
	at org.testng.SuiteRunner$SuiteWorker.run(SuiteRunner.java:414)
	at org.testng.internal.thread.ThreadUtil$1.call(ThreadUtil.java:52)
	at java.util.concurrent.FutureTask.run(FutureTask.java:266)
	at java.util.concurrent.ThreadPoolExecutor.runWorker(ThreadPoolExecutor.java:1142)
	at java.util.concurrent.ThreadPoolExecutor$Worker.run(ThreadPoolExecutor.java:617)
	at java.lang.Thread.run(Thread.java:748)
Caused by: java.net.ConnectException: Failed to connect to localhost/127.0.0.1:37673
	at okhttp3.internal.connection.RealConnection.connectSocket(RealConnection.java:240)
	at okhttp3.internal.connection.RealConnection.connect(RealConnection.java:158)
	at okhttp3.internal.connection.StreamAllocation.findConnection(StreamAllocation.java:256)
	at okhttp3.internal.connection.StreamAllocation.findHealthyConnection(StreamAllocation.java:134)
	at okhttp3.internal.connection.StreamAllocation.newStream(StreamAllocation.java:113)
	at okhttp3.internal.connection.ConnectInterceptor.intercept(ConnectInterceptor.java:42)
	at okhttp3.internal.http.RealInterceptorChain.proceed(RealInterceptorChain.java:147)
	at okhttp3.internal.http.RealInterceptorChain.proceed(RealInterceptorChain.java:121)
	at okhttp3.internal.cache.CacheInterceptor.intercept(CacheInterceptor.java:93)
	at okhttp3.internal.http.RealInterceptorChain.proceed(RealInterceptorChain.java:147)
	at okhttp3.internal.http.RealInterceptorChain.proceed(RealInterceptorChain.java:121)
	at okhttp3.internal.http.BridgeInterceptor.intercept(BridgeInterceptor.java:93)
	at okhttp3.internal.http.RealInterceptorChain.proceed(RealInterceptorChain.java:147)
	at okhttp3.internal.http.RetryAndFollowUpInterceptor.intercept(RetryAndFollowUpInterceptor.java:125)
	at okhttp3.internal.http.RealInterceptorChain.proceed(RealInterceptorChain.java:147)
	at okhttp3.internal.http.RealInterceptorChain.proceed(RealInterceptorChain.java:121)
	at okhttp3.RealCall.getResponseWithInterceptorChain(RealCall.java:200)
	at okhttp3.RealCall.execute(RealCall.java:77)
	at org.openqa.selenium.remote.internal.OkHttpClient.execute(OkHttpClient.java:105)
	at org.openqa.selenium.remote.HttpCommandExecutor.execute(HttpCommandExecutor.java:155)
	at org.openqa.selenium.remote.service.DriverCommandExecutor.execute(DriverCommandExecutor.java:83)
	... 23 more
Caused by: java.net.ConnectException: Connection refused: connect
	at java.net.DualStackPlainSocketImpl.waitForConnect(Native Method)
	at java.net.DualStackPlainSocketImpl.socketConnect(DualStackPlainSocketImpl.java:85)
	at java.net.AbstractPlainSocketImpl.doConnect(AbstractPlainSocketImpl.java:350)
	at java.net.AbstractPlainSocketImpl.connectToAddress(AbstractPlainSocketImpl.java:206)
	at java.net.AbstractPlainSocketImpl.connect(AbstractPlainSocketImpl.java:188)
	at java.net.PlainSocketImpl.connect(PlainSocketImpl.java:172)
	at java.net.SocksSocketImpl.connect(SocksSocketImpl.java:392)
	at java.net.Socket.connect(Socket.java:589)
	at okhttp3.internal.platform.Platform.connectSocket(Platform.java:125)
	at okhttp3.internal.connection.RealConnection.connectSocket(RealConnection.java:238)
	... 43 more
]]>
            </full-stacktrace>
          </exception> <!-- org.openqa.selenium.WebDriverException -->
          <reporter-output>
          </reporter-output>
        </test-method> <!-- SafeList_MyWay_HomePage -->
      </class> <!-- testRepository.MyWay_LockIcon_SafeSites -->
    </test> <!-- Searchlock Serp TestCases v1.0.4 India -->
  </suite> <!-- Regression Testing -->
</testng-results>
