<?xml version="1.0" encoding="UTF-8"?>
<!-- Generated by org.testng.reporters.JUnitXMLReporter -->
<testsuite hostname="LTE-BEE-029" ignored="12" name="Searchlock Serp TestCases v1.0.4" tests="27" failures="0" timestamp="07 Sep 2018 07:29:46 GMT" time="980.307" errors="0">
  <testcase name="SafeList_Google_HomePage" time="74.415" classname="testRepository.Google_LockIcon_SafeSites"/>
  <testcase name="SafeList_Google_Images" time="44.228" classname="testRepository.Google_LockIcon_SafeSites"/>
  <testcase name="SafeList_Google_ImagesLink" time="40.965" classname="testRepository.Google_LockIcon_SafeSites"/>
  <testcase name="SafeList_Google_Videos" time="37.519" classname="testRepository.Google_LockIcon_SafeSites"/>
  <testcase name="SafeList_Google_Shopping" time="31.491" classname="testRepository.Google_LockIcon_SafeSites"/>
  <testcase name="SafeList_Bing_HomePage" time="34.47" classname="testRepository.Bing_LockIcon_SafeSites"/>
  <testcase name="SafeList_Bing_Images" time="24.842" classname="testRepository.Bing_LockIcon_SafeSites"/>
  <testcase name="SafeList_Bing_Videos" time="21.891" classname="testRepository.Bing_LockIcon_SafeSites"/>
  <testcase name="SafeList_Bing_Explore" time="21.86" classname="testRepository.Bing_LockIcon_SafeSites"/>
  <testcase name="SafeList_Bing_Fun" time="22.94" classname="testRepository.Bing_LockIcon_SafeSites"/>
  <testcase name="SafeList_Ask_HomePage" time="35.636" classname="testRepository.Ask_LockIcon_SafeSites"/>
  <testcase name="SafeList_Ask_Video" time="29.881" classname="testRepository.Ask_LockIcon_SafeSites"/>
  <testcase name="SafeList_MyWay_HomePage" time="36.464" classname="testRepository.MyWay_LockIcon_SafeSites"/>
  <testcase name="SafeList_MyWeb_HomePage" time="34.727" classname="testRepository.MyWebSearch_LockIcon_SafeSites"/>
  <testcase name="SafeList_WOW_HomePage" time="35.172" classname="testRepository.Wow_LockIcon_SafeSites"/>
  <testcase name="SafeList_Msn_HomePage" time="37.088" classname="testRepository.Msn_LockIcon_SafeSites"/>
  <testcase name="SafeList_Msn_Weather" time="29.934" classname="testRepository.Msn_LockIcon_SafeSites"/>
  <testcase name="SafeList_Msn_News" time="44.761" classname="testRepository.Msn_LockIcon_SafeSites"/>
  <testcase name="SafeList_Msn_Entertainment" time="45.548" classname="testRepository.Msn_LockIcon_SafeSites"/>
  <testcase name="SafeList_Msn_Sports" time="50.136" classname="testRepository.Msn_LockIcon_SafeSites"/>
  <testcase name="SafeList_Msn_Money" time="39.013" classname="testRepository.Msn_LockIcon_SafeSites"/>
  <testcase name="SafeList_Msn_LifeStyle" time="35.518" classname="testRepository.Msn_LockIcon_SafeSites"/>
  <testcase name="SafeList_Msn_Health" time="35.025" classname="testRepository.Msn_LockIcon_SafeSites"/>
  <testcase name="SafeList_Msn_Food" time="36.434" classname="testRepository.Msn_LockIcon_SafeSites"/>
  <testcase name="SafeList_Msn_Travel" time="35.071" classname="testRepository.Msn_LockIcon_SafeSites"/>
  <testcase name="SafeList_Msn_Autos" time="32.986" classname="testRepository.Msn_LockIcon_SafeSites"/>
  <testcase name="SafeList_Msn_Videos" time="29.667" classname="testRepository.Msn_LockIcon_SafeSites"/>
  <testcase name="@AfterTest exitWebDriver" time="0.0" classname="com.Utility.BaseDriver">
    <ignored/>
  </testcase> <!-- @AfterTest exitWebDriver -->
  <testcase name="@AfterTest exitWebDriver" time="0.0" classname="com.Utility.BaseDriver">
    <ignored/>
  </testcase> <!-- @AfterTest exitWebDriver -->
  <testcase name="@AfterTest exitWebDriver" time="0.0" classname="com.Utility.BaseDriver">
    <ignored/>
  </testcase> <!-- @AfterTest exitWebDriver -->
  <testcase name="@AfterTest exitWebDriver" time="0.0" classname="com.Utility.BaseDriver">
    <ignored/>
  </testcase> <!-- @AfterTest exitWebDriver -->
  <testcase name="@AfterTest exitWebDriver" time="0.0" classname="com.Utility.BaseDriver">
    <ignored/>
  </testcase> <!-- @AfterTest exitWebDriver -->
  <testcase name="@AfterTest exitWebDriver" time="0.0" classname="com.Utility.BaseDriver">
    <ignored/>
  </testcase> <!-- @AfterTest exitWebDriver -->
  <testcase name="@BeforeTest initializeWebBrowser" time="0.0" classname="com.Utility.BaseDriver">
    <ignored/>
  </testcase> <!-- @BeforeTest initializeWebBrowser -->
  <testcase name="@BeforeTest initializeWebBrowser" time="0.0" classname="com.Utility.BaseDriver">
    <ignored/>
  </testcase> <!-- @BeforeTest initializeWebBrowser -->
  <testcase name="@BeforeTest initializeWebBrowser" time="0.0" classname="com.Utility.BaseDriver">
    <ignored/>
  </testcase> <!-- @BeforeTest initializeWebBrowser -->
  <testcase name="@BeforeTest initializeWebBrowser" time="0.0" classname="com.Utility.BaseDriver">
    <ignored/>
  </testcase> <!-- @BeforeTest initializeWebBrowser -->
  <testcase name="@BeforeTest initializeWebBrowser" time="0.0" classname="com.Utility.BaseDriver">
    <ignored/>
  </testcase> <!-- @BeforeTest initializeWebBrowser -->
  <testcase name="@BeforeTest initializeWebBrowser" time="0.0" classname="com.Utility.BaseDriver">
    <ignored/>
  </testcase> <!-- @BeforeTest initializeWebBrowser -->
</testsuite> <!-- Searchlock Serp TestCases v1.0.4 -->
