<?xml version="1.0" encoding="UTF-8"?>
<!-- Generated by org.testng.reporters.JUnitXMLReporter -->
<testsuite hostname="LTE-BEE-029" ignored="10" name="Searchlock Serp TestCases v1.2.5" tests="26" failures="0" timestamp="07 Sep 2018 06:39:47 GMT" time="974.097" errors="0">
  <testcase name="SafeList_Google_HomePage" time="77.133" classname="testRepository.Google_LockIcon_SafeSites"/>
  <testcase name="SafeList_Google_Images" time="42.078" classname="testRepository.Google_LockIcon_SafeSites"/>
  <testcase name="SafeList_Google_ImagesLink" time="37.476" classname="testRepository.Google_LockIcon_SafeSites"/>
  <testcase name="SafeList_Google_Videos" time="36.039" classname="testRepository.Google_LockIcon_SafeSites"/>
  <testcase name="SafeList_Google_Shopping" time="32.259" classname="testRepository.Google_LockIcon_SafeSites"/>
  <testcase name="SafeList_Bing_HomePage" time="34.892" classname="testRepository.Bing_LockIcon_SafeSites"/>
  <testcase name="SafeList_Bing_Images" time="23.673" classname="testRepository.Bing_LockIcon_SafeSites"/>
  <testcase name="SafeList_Bing_Videos" time="22.096" classname="testRepository.Bing_LockIcon_SafeSites"/>
  <testcase name="SafeList_Bing_Explore" time="21.822" classname="testRepository.Bing_LockIcon_SafeSites"/>
  <testcase name="SafeList_Bing_Fun" time="22.874" classname="testRepository.Bing_LockIcon_SafeSites"/>
  <testcase name="SafeList_Ask_HomePage" time="35.129" classname="testRepository.Ask_LockIcon_SafeSites"/>
  <testcase name="SafeList_Ask_Video" time="29.898" classname="testRepository.Ask_LockIcon_SafeSites"/>
  <testcase name="SafeList_MyWay_HomePage" time="37.164" classname="testRepository.MyWay_LockIcon_SafeSites"/>
  <testcase name="SafeList_MyWeb_HomePage" time="35.092" classname="testRepository.MyWebSearch_LockIcon_SafeSites"/>
  <testcase name="SafeList_Msn_HomePage" time="49.415" classname="testRepository.Msn_LockIcon_SafeSites"/>
  <testcase name="SafeList_Msn_Weather" time="36.538" classname="testRepository.Msn_LockIcon_SafeSites"/>
  <testcase name="SafeList_Msn_News" time="55.878" classname="testRepository.Msn_LockIcon_SafeSites"/>
  <testcase name="SafeList_Msn_Entertainment" time="39.642" classname="testRepository.Msn_LockIcon_SafeSites"/>
  <testcase name="SafeList_Msn_Sports" time="41.068" classname="testRepository.Msn_LockIcon_SafeSites"/>
  <testcase name="SafeList_Msn_Money" time="38.8" classname="testRepository.Msn_LockIcon_SafeSites"/>
  <testcase name="SafeList_Msn_LifeStyle" time="32.487" classname="testRepository.Msn_LockIcon_SafeSites"/>
  <testcase name="SafeList_Msn_Health" time="37.198" classname="testRepository.Msn_LockIcon_SafeSites"/>
  <testcase name="SafeList_Msn_Food" time="33.726" classname="testRepository.Msn_LockIcon_SafeSites"/>
  <testcase name="SafeList_Msn_Travel" time="38.022" classname="testRepository.Msn_LockIcon_SafeSites"/>
  <testcase name="SafeList_Msn_Autos" time="42.801" classname="testRepository.Msn_LockIcon_SafeSites"/>
  <testcase name="SafeList_Msn_Videos" time="35.9" classname="testRepository.Msn_LockIcon_SafeSites"/>
  <testcase name="@AfterTest exitWebDriver" time="0.0" classname="com.Utility.BaseDriver">
    <ignored/>
  </testcase> <!-- @AfterTest exitWebDriver -->
  <testcase name="@AfterTest exitWebDriver" time="0.0" classname="com.Utility.BaseDriver">
    <ignored/>
  </testcase> <!-- @AfterTest exitWebDriver -->
  <testcase name="@AfterTest exitWebDriver" time="0.0" classname="com.Utility.BaseDriver">
    <ignored/>
  </testcase> <!-- @AfterTest exitWebDriver -->
  <testcase name="@AfterTest exitWebDriver" time="0.0" classname="com.Utility.BaseDriver">
    <ignored/>
  </testcase> <!-- @AfterTest exitWebDriver -->
  <testcase name="@AfterTest exitWebDriver" time="0.0" classname="com.Utility.BaseDriver">
    <ignored/>
  </testcase> <!-- @AfterTest exitWebDriver -->
  <testcase name="@BeforeTest initializeWebBrowser" time="0.0" classname="com.Utility.BaseDriver">
    <ignored/>
  </testcase> <!-- @BeforeTest initializeWebBrowser -->
  <testcase name="@BeforeTest initializeWebBrowser" time="0.0" classname="com.Utility.BaseDriver">
    <ignored/>
  </testcase> <!-- @BeforeTest initializeWebBrowser -->
  <testcase name="@BeforeTest initializeWebBrowser" time="0.0" classname="com.Utility.BaseDriver">
    <ignored/>
  </testcase> <!-- @BeforeTest initializeWebBrowser -->
  <testcase name="@BeforeTest initializeWebBrowser" time="0.0" classname="com.Utility.BaseDriver">
    <ignored/>
  </testcase> <!-- @BeforeTest initializeWebBrowser -->
  <testcase name="@BeforeTest initializeWebBrowser" time="0.0" classname="com.Utility.BaseDriver">
    <ignored/>
  </testcase> <!-- @BeforeTest initializeWebBrowser -->
</testsuite> <!-- Searchlock Serp TestCases v1.2.5 -->
