<?xml version="1.0" encoding="UTF-8"?>
<!-- Generated by org.testng.reporters.JUnitXMLReporter -->
<testsuite hostname="LTE-BEE-029" ignored="12" name="Searchlock Serp TestCases v1.0.5" tests="27" failures="2" timestamp="07 Sep 2018 10:15:42 GMT" time="9956.081" errors="0">
  <testcase name="@AfterTest exitWebDriver" time="1.514" classname="com.Utility.BaseDriver">
    <failure type="org.openqa.selenium.WebDriverException" message="java.net.ConnectException: Failed to connect to localhost/127.0.0.1:28741
Build info: version: &amp;apos;3.12.0&amp;apos;, revision: &amp;apos;7c6e0b3&amp;apos;, time: &amp;apos;2018-05-08T14:04:26.12Z&amp;apos;
System info: host: &amp;apos;LTE-BEE-029&amp;apos;, ip: &amp;apos;169.254.201.0&amp;apos;, os.name: &amp;apos;Windows 10&amp;apos;, os.arch: &amp;apos;amd64&amp;apos;, os.version: &amp;apos;10.0&amp;apos;, java.version: &amp;apos;1.8.0_131&amp;apos;
Driver info: driver.version: BaseDriver">
      <![CDATA[org.openqa.selenium.WebDriverException: java.net.ConnectException: Failed to connect to localhost/127.0.0.1:28741
Build info: version: '3.12.0', revision: '7c6e0b3', time: '2018-05-08T14:04:26.12Z'
System info: host: 'LTE-BEE-029', ip: '169.254.201.0', os.name: 'Windows 10', os.arch: 'amd64', os.version: '10.0', java.version: '1.8.0_131'
Driver info: driver.version: BaseDriver
	at org.openqa.selenium.remote.service.DriverCommandExecutor.execute(DriverCommandExecutor.java:92)
	at org.openqa.selenium.remote.RemoteWebDriver.execute(RemoteWebDriver.java:543)
	at org.openqa.selenium.remote.RemoteWebDriver.execute(RemoteWebDriver.java:600)
	at org.openqa.selenium.remote.RemoteWebDriver.quit(RemoteWebDriver.java:443)
	at com.Utility.BaseDriver.exitWebDriver(BaseDriver.java:148)
	at java.util.concurrent.FutureTask.run(FutureTask.java:266)
	at java.util.concurrent.ThreadPoolExecutor.runWorker(ThreadPoolExecutor.java:1142)
	at java.util.concurrent.ThreadPoolExecutor$Worker.run(ThreadPoolExecutor.java:617)
	at java.lang.Thread.run(Thread.java:748)
Caused by: java.net.ConnectException: Failed to connect to localhost/127.0.0.1:28741
	at okhttp3.internal.connection.RealConnection.connectSocket(RealConnection.java:240)
	at okhttp3.internal.connection.RealConnection.connect(RealConnection.java:158)
	at okhttp3.internal.connection.StreamAllocation.findConnection(StreamAllocation.java:256)
	at okhttp3.internal.connection.StreamAllocation.findHealthyConnection(StreamAllocation.java:134)
	at okhttp3.internal.connection.StreamAllocation.newStream(StreamAllocation.java:113)
	at okhttp3.internal.connection.ConnectInterceptor.intercept(ConnectInterceptor.java:42)
	at okhttp3.internal.http.RealInterceptorChain.proceed(RealInterceptorChain.java:147)
	at okhttp3.internal.http.RealInterceptorChain.proceed(RealInterceptorChain.java:121)
	at okhttp3.internal.cache.CacheInterceptor.intercept(CacheInterceptor.java:93)
	at okhttp3.internal.http.RealInterceptorChain.proceed(RealInterceptorChain.java:147)
	at okhttp3.internal.http.RealInterceptorChain.proceed(RealInterceptorChain.java:121)
	at okhttp3.internal.http.BridgeInterceptor.intercept(BridgeInterceptor.java:93)
	at okhttp3.internal.http.RealInterceptorChain.proceed(RealInterceptorChain.java:147)
	at okhttp3.internal.http.RetryAndFollowUpInterceptor.intercept(RetryAndFollowUpInterceptor.java:125)
	at okhttp3.internal.http.RealInterceptorChain.proceed(RealInterceptorChain.java:147)
	at okhttp3.internal.http.RealInterceptorChain.proceed(RealInterceptorChain.java:121)
	at okhttp3.RealCall.getResponseWithInterceptorChain(RealCall.java:200)
	at okhttp3.RealCall.execute(RealCall.java:77)
	at org.openqa.selenium.remote.internal.OkHttpClient.execute(OkHttpClient.java:105)
	at org.openqa.selenium.remote.HttpCommandExecutor.execute(HttpCommandExecutor.java:155)
	at org.openqa.selenium.remote.service.DriverCommandExecutor.execute(DriverCommandExecutor.java:83)
	... 22 more
Caused by: java.net.ConnectException: Connection refused: connect
	at java.net.DualStackPlainSocketImpl.waitForConnect(Native Method)
	at java.net.DualStackPlainSocketImpl.socketConnect(DualStackPlainSocketImpl.java:85)
	at java.net.AbstractPlainSocketImpl.doConnect(AbstractPlainSocketImpl.java:350)
	at java.net.AbstractPlainSocketImpl.connectToAddress(AbstractPlainSocketImpl.java:206)
	at java.net.AbstractPlainSocketImpl.connect(AbstractPlainSocketImpl.java:188)
	at java.net.PlainSocketImpl.connect(PlainSocketImpl.java:172)
	at java.net.SocksSocketImpl.connect(SocksSocketImpl.java:392)
	at java.net.Socket.connect(Socket.java:589)
	at okhttp3.internal.platform.Platform.connectSocket(Platform.java:125)
	at okhttp3.internal.connection.RealConnection.connectSocket(RealConnection.java:238)
	... 42 more
... Removed 14 stack frames]]>
    </failure>
  </testcase> <!-- @AfterTest exitWebDriver -->
  <testcase name="SafeList_Google_HomePage" time="74.968" classname="testRepository.Google_LockIcon_SafeSites"/>
  <testcase name="SafeList_Google_Images" time="42.418" classname="testRepository.Google_LockIcon_SafeSites"/>
  <testcase name="SafeList_Google_ImagesLink" time="35.899" classname="testRepository.Google_LockIcon_SafeSites"/>
  <testcase name="SafeList_Google_Videos" time="32.939" classname="testRepository.Google_LockIcon_SafeSites"/>
  <testcase name="SafeList_Google_Shopping" time="31.636" classname="testRepository.Google_LockIcon_SafeSites"/>
  <testcase name="SafeList_Bing_HomePage" time="35.19" classname="testRepository.Bing_LockIcon_SafeSites"/>
  <testcase name="SafeList_Bing_Images" time="24.489" classname="testRepository.Bing_LockIcon_SafeSites"/>
  <testcase name="SafeList_Bing_Videos" time="21.875" classname="testRepository.Bing_LockIcon_SafeSites"/>
  <testcase name="SafeList_Bing_Explore" time="21.757" classname="testRepository.Bing_LockIcon_SafeSites"/>
  <testcase name="SafeList_Bing_Fun" time="25.224" classname="testRepository.Bing_LockIcon_SafeSites"/>
  <testcase name="SafeList_Ask_HomePage" time="34.943" classname="testRepository.Ask_LockIcon_SafeSites"/>
  <testcase name="SafeList_Ask_Video" time="29.794" classname="testRepository.Ask_LockIcon_SafeSites"/>
  <testcase name="SafeList_MyWay_HomePage" time="35.854" classname="testRepository.MyWay_LockIcon_SafeSites"/>
  <testcase name="SafeList_MyWeb_HomePage" time="34.277" classname="testRepository.MyWebSearch_LockIcon_SafeSites"/>
  <testcase name="SafeList_WOW_HomePage" time="35.113" classname="testRepository.Wow_LockIcon_SafeSites"/>
  <testcase name="SafeList_Msn_HomePage" time="50.282" classname="testRepository.Msn_LockIcon_SafeSites"/>
  <testcase name="SafeList_Msn_Weather" time="34.181" classname="testRepository.Msn_LockIcon_SafeSites"/>
  <testcase name="SafeList_Msn_News" time="39.696" classname="testRepository.Msn_LockIcon_SafeSites"/>
  <testcase name="SafeList_Msn_Entertainment" time="40.046" classname="testRepository.Msn_LockIcon_SafeSites"/>
  <testcase name="SafeList_Msn_Sports" time="41.418" classname="testRepository.Msn_LockIcon_SafeSites"/>
  <testcase name="SafeList_Msn_Money" time="57.788" classname="testRepository.Msn_LockIcon_SafeSites"/>
  <testcase name="SafeList_Msn_LifeStyle" time="32.617" classname="testRepository.Msn_LockIcon_SafeSites"/>
  <testcase name="SafeList_Msn_Health" time="36.447" classname="testRepository.Msn_LockIcon_SafeSites"/>
  <testcase name="SafeList_Msn_Food" time="691230.778" classname="testRepository.Msn_LockIcon_SafeSites"/>
  <testcase name="SafeList_Msn_Travel" time="32.918" classname="testRepository.Msn_LockIcon_SafeSites"/>
  <testcase name="SafeList_Msn_Autos" time="-682162.603" classname="testRepository.Msn_LockIcon_SafeSites">
    <failure type="java.lang.AssertionError" message="null">
      <![CDATA[java.lang.AssertionError: null
	at com.Objects.CommonMethods.verifyElement(CommonMethods.java:27)
	at com.Objects.CommonMethods.submitText(CommonMethods.java:97)
	at com.Objects.SafelistObjects.SafeListChromeWebRedirection_For_MSN(SafelistObjects.java:98)
	at testRepository.Msn_LockIcon_SafeSites.SafeList_Msn_Autos(Msn_LockIcon_SafeSites.java:112)
	at java.util.concurrent.FutureTask.run(FutureTask.java:266)
	at java.util.concurrent.ThreadPoolExecutor.runWorker(ThreadPoolExecutor.java:1142)
	at java.util.concurrent.ThreadPoolExecutor$Worker.run(ThreadPoolExecutor.java:617)
	at java.lang.Thread.run(Thread.java:748)
... Removed 18 stack frames]]>
    </failure>
  </testcase> <!-- SafeList_Msn_Autos -->
  <testcase name="SafeList_Msn_Videos" time="1.003" classname="testRepository.Msn_LockIcon_SafeSites">
    <failure type="org.openqa.selenium.WebDriverException" message="java.net.ConnectException: Failed to connect to localhost/127.0.0.1:28741
Build info: version: &amp;apos;3.12.0&amp;apos;, revision: &amp;apos;7c6e0b3&amp;apos;, time: &amp;apos;2018-05-08T14:04:26.12Z&amp;apos;
System info: host: &amp;apos;LTE-BEE-029&amp;apos;, ip: &amp;apos;169.254.201.0&amp;apos;, os.name: &amp;apos;Windows 10&amp;apos;, os.arch: &amp;apos;amd64&amp;apos;, os.version: &amp;apos;10.0&amp;apos;, java.version: &amp;apos;1.8.0_131&amp;apos;
Driver info: driver.version: RemoteWebDriver">
      <![CDATA[org.openqa.selenium.WebDriverException: java.net.ConnectException: Failed to connect to localhost/127.0.0.1:28741
Build info: version: '3.12.0', revision: '7c6e0b3', time: '2018-05-08T14:04:26.12Z'
System info: host: 'LTE-BEE-029', ip: '169.254.201.0', os.name: 'Windows 10', os.arch: 'amd64', os.version: '10.0', java.version: '1.8.0_131'
Driver info: driver.version: RemoteWebDriver
	at org.openqa.selenium.remote.service.DriverCommandExecutor.execute(DriverCommandExecutor.java:92)
	at org.openqa.selenium.remote.RemoteWebDriver.execute(RemoteWebDriver.java:543)
	at org.openqa.selenium.remote.RemoteWebDriver.get(RemoteWebDriver.java:271)
	at testRepository.Msn_LockIcon_SafeSites.SafeList_Msn_Videos(Msn_LockIcon_SafeSites.java:120)
	at java.util.concurrent.FutureTask.run(FutureTask.java:266)
	at java.util.concurrent.ThreadPoolExecutor.runWorker(ThreadPoolExecutor.java:1142)
	at java.util.concurrent.ThreadPoolExecutor$Worker.run(ThreadPoolExecutor.java:617)
	at java.lang.Thread.run(Thread.java:748)
Caused by: java.net.ConnectException: Failed to connect to localhost/127.0.0.1:28741
	at okhttp3.internal.connection.RealConnection.connectSocket(RealConnection.java:240)
	at okhttp3.internal.connection.RealConnection.connect(RealConnection.java:158)
	at okhttp3.internal.connection.StreamAllocation.findConnection(StreamAllocation.java:256)
	at okhttp3.internal.connection.StreamAllocation.findHealthyConnection(StreamAllocation.java:134)
	at okhttp3.internal.connection.StreamAllocation.newStream(StreamAllocation.java:113)
	at okhttp3.internal.connection.ConnectInterceptor.intercept(ConnectInterceptor.java:42)
	at okhttp3.internal.http.RealInterceptorChain.proceed(RealInterceptorChain.java:147)
	at okhttp3.internal.http.RealInterceptorChain.proceed(RealInterceptorChain.java:121)
	at okhttp3.internal.cache.CacheInterceptor.intercept(CacheInterceptor.java:93)
	at okhttp3.internal.http.RealInterceptorChain.proceed(RealInterceptorChain.java:147)
	at okhttp3.internal.http.RealInterceptorChain.proceed(RealInterceptorChain.java:121)
	at okhttp3.internal.http.BridgeInterceptor.intercept(BridgeInterceptor.java:93)
	at okhttp3.internal.http.RealInterceptorChain.proceed(RealInterceptorChain.java:147)
	at okhttp3.internal.http.RetryAndFollowUpInterceptor.intercept(RetryAndFollowUpInterceptor.java:125)
	at okhttp3.internal.http.RealInterceptorChain.proceed(RealInterceptorChain.java:147)
	at okhttp3.internal.http.RealInterceptorChain.proceed(RealInterceptorChain.java:121)
	at okhttp3.RealCall.getResponseWithInterceptorChain(RealCall.java:200)
	at okhttp3.RealCall.execute(RealCall.java:77)
	at org.openqa.selenium.remote.internal.OkHttpClient.execute(OkHttpClient.java:105)
	at org.openqa.selenium.remote.HttpCommandExecutor.execute(HttpCommandExecutor.java:155)
	at org.openqa.selenium.remote.service.DriverCommandExecutor.execute(DriverCommandExecutor.java:83)
	... 23 more
Caused by: java.net.ConnectException: Connection refused: connect
	at java.net.DualStackPlainSocketImpl.waitForConnect(Native Method)
	at java.net.DualStackPlainSocketImpl.socketConnect(DualStackPlainSocketImpl.java:85)
	at java.net.AbstractPlainSocketImpl.doConnect(AbstractPlainSocketImpl.java:350)
	at java.net.AbstractPlainSocketImpl.connectToAddress(AbstractPlainSocketImpl.java:206)
	at java.net.AbstractPlainSocketImpl.connect(AbstractPlainSocketImpl.java:188)
	at java.net.PlainSocketImpl.connect(PlainSocketImpl.java:172)
	at java.net.SocksSocketImpl.connect(SocksSocketImpl.java:392)
	at java.net.Socket.connect(Socket.java:589)
	at okhttp3.internal.platform.Platform.connectSocket(Platform.java:125)
	at okhttp3.internal.connection.RealConnection.connectSocket(RealConnection.java:238)
	... 43 more
... Removed 16 stack frames]]>
    </failure>
  </testcase> <!-- SafeList_Msn_Videos -->
  <testcase name="@AfterTest exitWebDriver" time="0.0" classname="com.Utility.BaseDriver">
    <ignored/>
  </testcase> <!-- @AfterTest exitWebDriver -->
  <testcase name="@AfterTest exitWebDriver" time="0.0" classname="com.Utility.BaseDriver">
    <ignored/>
  </testcase> <!-- @AfterTest exitWebDriver -->
  <testcase name="@AfterTest exitWebDriver" time="0.0" classname="com.Utility.BaseDriver">
    <ignored/>
  </testcase> <!-- @AfterTest exitWebDriver -->
  <testcase name="@AfterTest exitWebDriver" time="0.0" classname="com.Utility.BaseDriver">
    <ignored/>
  </testcase> <!-- @AfterTest exitWebDriver -->
  <testcase name="@AfterTest exitWebDriver" time="0.0" classname="com.Utility.BaseDriver">
    <ignored/>
  </testcase> <!-- @AfterTest exitWebDriver -->
  <testcase name="@AfterTest exitWebDriver" time="0.0" classname="com.Utility.BaseDriver">
    <ignored/>
  </testcase> <!-- @AfterTest exitWebDriver -->
  <testcase name="@BeforeTest initializeWebBrowser" time="0.0" classname="com.Utility.BaseDriver">
    <ignored/>
  </testcase> <!-- @BeforeTest initializeWebBrowser -->
  <testcase name="@BeforeTest initializeWebBrowser" time="0.0" classname="com.Utility.BaseDriver">
    <ignored/>
  </testcase> <!-- @BeforeTest initializeWebBrowser -->
  <testcase name="@BeforeTest initializeWebBrowser" time="0.0" classname="com.Utility.BaseDriver">
    <ignored/>
  </testcase> <!-- @BeforeTest initializeWebBrowser -->
  <testcase name="@BeforeTest initializeWebBrowser" time="0.0" classname="com.Utility.BaseDriver">
    <ignored/>
  </testcase> <!-- @BeforeTest initializeWebBrowser -->
  <testcase name="@BeforeTest initializeWebBrowser" time="0.0" classname="com.Utility.BaseDriver">
    <ignored/>
  </testcase> <!-- @BeforeTest initializeWebBrowser -->
  <testcase name="@BeforeTest initializeWebBrowser" time="0.0" classname="com.Utility.BaseDriver">
    <ignored/>
  </testcase> <!-- @BeforeTest initializeWebBrowser -->
</testsuite> <!-- Searchlock Serp TestCases v1.0.5 -->
