<?xml version="1.0" encoding="UTF-8"?>
<!-- Generated by org.testng.reporters.JUnitXMLReporter -->
<testsuite hostname="LTE-BEE-029" ignored="0" name="SearchLock Safelist Bing" tests="5" failures="0" timestamp="03 Sep 2018 08:05:22 GMT" time="163.492" errors="0">
  <testcase name="SafeList_Bing_HomePage" time="36.865" classname="testRepository.Bing_LockIcon_SafeSites"/>
  <testcase name="SafeList_Bing_Images" time="25.657" classname="testRepository.Bing_LockIcon_SafeSites"/>
  <testcase name="SafeList_Bing_Videos" time="30.492" classname="testRepository.Bing_LockIcon_SafeSites"/>
  <testcase name="SafeList_Bing_Explore" time="34.868" classname="testRepository.Bing_LockIcon_SafeSites"/>
  <testcase name="SafeList_Bing_Fun" time="35.609" classname="testRepository.Bing_LockIcon_SafeSites"/>
</testsuite> <!-- SearchLock Safelist Bing -->
