<?xml version="1.0" encoding="UTF-8"?>
<!-- Generated by org.testng.reporters.JUnitXMLReporter -->
<testsuite hostname="LTE-BEE-029" ignored="12" name="Searchlock Serp TestCases v1.0.3" tests="27" failures="0" timestamp="07 Sep 2018 07:13:25 GMT" time="1016.393" errors="0">
  <testcase name="SafeList_Google_HomePage" time="81.291" classname="testRepository.Google_LockIcon_SafeSites"/>
  <testcase name="SafeList_Google_Images" time="44.258" classname="testRepository.Google_LockIcon_SafeSites"/>
  <testcase name="SafeList_Google_ImagesLink" time="36.71" classname="testRepository.Google_LockIcon_SafeSites"/>
  <testcase name="SafeList_Google_Videos" time="33.56" classname="testRepository.Google_LockIcon_SafeSites"/>
  <testcase name="SafeList_Google_Shopping" time="33.581" classname="testRepository.Google_LockIcon_SafeSites"/>
  <testcase name="SafeList_Bing_HomePage" time="35.169" classname="testRepository.Bing_LockIcon_SafeSites"/>
  <testcase name="SafeList_Bing_Images" time="24.21" classname="testRepository.Bing_LockIcon_SafeSites"/>
  <testcase name="SafeList_Bing_Videos" time="22.152" classname="testRepository.Bing_LockIcon_SafeSites"/>
  <testcase name="SafeList_Bing_Explore" time="22.051" classname="testRepository.Bing_LockIcon_SafeSites"/>
  <testcase name="SafeList_Bing_Fun" time="26.552" classname="testRepository.Bing_LockIcon_SafeSites"/>
  <testcase name="SafeList_Ask_HomePage" time="36.285" classname="testRepository.Ask_LockIcon_SafeSites"/>
  <testcase name="SafeList_Ask_Video" time="29.555" classname="testRepository.Ask_LockIcon_SafeSites"/>
  <testcase name="SafeList_MyWay_HomePage" time="36.693" classname="testRepository.MyWay_LockIcon_SafeSites"/>
  <testcase name="SafeList_MyWeb_HomePage" time="35.075" classname="testRepository.MyWebSearch_LockIcon_SafeSites"/>
  <testcase name="SafeList_WOW_HomePage" time="35.646" classname="testRepository.Wow_LockIcon_SafeSites"/>
  <testcase name="SafeList_Msn_HomePage" time="45.228" classname="testRepository.Msn_LockIcon_SafeSites"/>
  <testcase name="SafeList_Msn_Weather" time="31.067" classname="testRepository.Msn_LockIcon_SafeSites"/>
  <testcase name="SafeList_Msn_News" time="39.446" classname="testRepository.Msn_LockIcon_SafeSites"/>
  <testcase name="SafeList_Msn_Entertainment" time="43.327" classname="testRepository.Msn_LockIcon_SafeSites"/>
  <testcase name="SafeList_Msn_Sports" time="56.566" classname="testRepository.Msn_LockIcon_SafeSites"/>
  <testcase name="SafeList_Msn_Money" time="41.233" classname="testRepository.Msn_LockIcon_SafeSites"/>
  <testcase name="SafeList_Msn_LifeStyle" time="34.142" classname="testRepository.Msn_LockIcon_SafeSites"/>
  <testcase name="SafeList_Msn_Health" time="39.676" classname="testRepository.Msn_LockIcon_SafeSites"/>
  <testcase name="SafeList_Msn_Food" time="43.157" classname="testRepository.Msn_LockIcon_SafeSites"/>
  <testcase name="SafeList_Msn_Travel" time="35.581" classname="testRepository.Msn_LockIcon_SafeSites"/>
  <testcase name="SafeList_Msn_Autos" time="35.976" classname="testRepository.Msn_LockIcon_SafeSites"/>
  <testcase name="SafeList_Msn_Videos" time="34.131" classname="testRepository.Msn_LockIcon_SafeSites"/>
  <testcase name="@AfterTest exitWebDriver" time="0.0" classname="com.Utility.BaseDriver">
    <ignored/>
  </testcase> <!-- @AfterTest exitWebDriver -->
  <testcase name="@AfterTest exitWebDriver" time="0.0" classname="com.Utility.BaseDriver">
    <ignored/>
  </testcase> <!-- @AfterTest exitWebDriver -->
  <testcase name="@AfterTest exitWebDriver" time="0.0" classname="com.Utility.BaseDriver">
    <ignored/>
  </testcase> <!-- @AfterTest exitWebDriver -->
  <testcase name="@AfterTest exitWebDriver" time="0.0" classname="com.Utility.BaseDriver">
    <ignored/>
  </testcase> <!-- @AfterTest exitWebDriver -->
  <testcase name="@AfterTest exitWebDriver" time="0.0" classname="com.Utility.BaseDriver">
    <ignored/>
  </testcase> <!-- @AfterTest exitWebDriver -->
  <testcase name="@AfterTest exitWebDriver" time="0.0" classname="com.Utility.BaseDriver">
    <ignored/>
  </testcase> <!-- @AfterTest exitWebDriver -->
  <testcase name="@BeforeTest initializeWebBrowser" time="0.0" classname="com.Utility.BaseDriver">
    <ignored/>
  </testcase> <!-- @BeforeTest initializeWebBrowser -->
  <testcase name="@BeforeTest initializeWebBrowser" time="0.0" classname="com.Utility.BaseDriver">
    <ignored/>
  </testcase> <!-- @BeforeTest initializeWebBrowser -->
  <testcase name="@BeforeTest initializeWebBrowser" time="0.0" classname="com.Utility.BaseDriver">
    <ignored/>
  </testcase> <!-- @BeforeTest initializeWebBrowser -->
  <testcase name="@BeforeTest initializeWebBrowser" time="0.0" classname="com.Utility.BaseDriver">
    <ignored/>
  </testcase> <!-- @BeforeTest initializeWebBrowser -->
  <testcase name="@BeforeTest initializeWebBrowser" time="0.0" classname="com.Utility.BaseDriver">
    <ignored/>
  </testcase> <!-- @BeforeTest initializeWebBrowser -->
  <testcase name="@BeforeTest initializeWebBrowser" time="0.0" classname="com.Utility.BaseDriver">
    <ignored/>
  </testcase> <!-- @BeforeTest initializeWebBrowser -->
</testsuite> <!-- Searchlock Serp TestCases v1.0.3 -->
