<?xml version="1.0" encoding="UTF-8"?>
<!-- Generated by org.testng.reporters.JUnitXMLReporter -->
<testsuite hostname="LTE-BEE-029" ignored="0" name="TestCases" tests="4" failures="0" timestamp="14 Aug 2018 07:54:32 GMT" time="22.251" errors="0">
  <testcase name="SafeList_Google_HomePage" time="10.194" classname="testRepository.Google_LockIcon_SafeSites"/>
  <testcase name="SafeList_Google_Images" time="10.393" classname="testRepository.Google_LockIcon_SafeSites"/>
  <testcase name="SafeList_Bing_HomePage" time="1.111" classname="testRepository.Bing_LockIcon_SafeSites"/>
  <testcase name="SafeList_Bing_Images" time="0.531" classname="testRepository.Bing_LockIcon_SafeSites"/>
</testsuite> <!-- TestCases -->
